::1 - - [25/Apr/2022:13:06:56 -0400] "GET / HTTP/1.1" 200 383
::1 - - [25/Apr/2022:13:06:56 -0400] "GET /style.css HTTP/1.1" 404 196
::1 - - [25/Apr/2022:13:07:11 -0400] "GET /publish.html HTTP/1.1" 200 859
::1 - - [25/Apr/2022:13:07:11 -0400] "GET /style.css HTTP/1.1" 404 196
::1 - - [25/Apr/2022:13:07:19 -0400] "GET /style.css HTTP/1.1" 404 196
::1 - - [25/Apr/2022:13:07:42 -0400] "GET /phpmyadmin HTTP/1.1" 301 236
::1 - - [25/Apr/2022:13:07:42 -0400] "GET /phpmyadmin/ HTTP/1.1" 200 4772
::1 - - [25/Apr/2022:13:07:46 -0400] "GET /phpmyadmin/js/vendor/codemirror/addon/hint/show-hint.css?v=5.1.3 HTTP/1.1" 200 623
::1 - - [25/Apr/2022:13:07:46 -0400] "GET /phpmyadmin/js/vendor/codemirror/lib/codemirror.css?v=5.1.3 HTTP/1.1" 200 8709
::1 - - [25/Apr/2022:13:07:46 -0400] "GET /phpmyadmin/js/vendor/sprintf.js?v=5.1.3 HTTP/1.1" 200 7409
::1 - - [25/Apr/2022:13:07:46 -0400] "GET /phpmyadmin/themes/pmahomme/css/theme.css?v=5.1.3&nocache=1505969872ltr&server=1 HTTP/1.1" 200 216144
::1 - - [25/Apr/2022:13:07:46 -0400] "GET /phpmyadmin/js/vendor/codemirror/addon/lint/lint.css?v=5.1.3 HTTP/1.1" 200 3035
::1 - - [25/Apr/2022:13:07:46 -0400] "GET /phpmyadmin/js/vendor/jquery/jquery-migrate.js?v=5.1.3 HTTP/1.1" 200 25300
::1 - - [25/Apr/2022:13:07:46 -0400] "GET /phpmyadmin/js/dist/keyhandler.js?v=5.1.3 HTTP/1.1" 200 3003
::1 - - [25/Apr/2022:13:07:46 -0400] "GET /phpmyadmin/js/dist/ajax.js?v=5.1.3 HTTP/1.1" 200 31330
::1 - - [25/Apr/2022:13:07:46 -0400] "GET /phpmyadmin/js/vendor/js.cookie.js?v=5.1.3 HTTP/1.1" 200 3883
::1 - - [25/Apr/2022:13:07:46 -0400] "GET /phpmyadmin/js/vendor/jquery/jquery.mousewheel.js?v=5.1.3 HTTP/1.1" 200 8267
::1 - - [25/Apr/2022:13:07:46 -0400] "GET /phpmyadmin/js/vendor/jquery/jquery.min.js?v=5.1.3 HTTP/1.1" 200 89501
::1 - - [25/Apr/2022:13:07:46 -0400] "GET /phpmyadmin/js/vendor/jquery/jquery.validate.js?v=5.1.3 HTTP/1.1" 200 50963
::1 - - [25/Apr/2022:13:07:46 -0400] "GET /phpmyadmin/js/vendor/jquery/jquery.debounce-1.0.6.js?v=5.1.3 HTTP/1.1" 200 1608
::1 - - [25/Apr/2022:13:07:46 -0400] "GET /phpmyadmin/js/vendor/jquery/jquery.ba-hashchange-2.0.js?v=5.1.3 HTTP/1.1" 200 10505
::1 - - [25/Apr/2022:13:07:46 -0400] "GET /phpmyadmin/js/dist/cross_framing_protection.js?v=5.1.3 HTTP/1.1" 200 419
::1 - - [25/Apr/2022:13:07:46 -0400] "GET /phpmyadmin/js/vendor/jquery/jquery-ui-timepicker-addon.js?v=5.1.3 HTTP/1.1" 200 78475
::1 - - [25/Apr/2022:13:07:46 -0400] "GET /phpmyadmin/js/vendor/bootstrap/bootstrap.bundle.min.js?v=5.1.3 HTTP/1.1" 200 83253
::1 - - [25/Apr/2022:13:07:46 -0400] "GET /phpmyadmin/js/dist/menu_resizer.js?v=5.1.3 HTTP/1.1" 200 5687
::1 - - [25/Apr/2022:13:07:46 -0400] "GET /phpmyadmin/js/dist/rte.js?v=5.1.3 HTTP/1.1" 200 40074
::1 - - [25/Apr/2022:13:07:46 -0400] "GET /phpmyadmin/js/dist/config.js?v=5.1.3 HTTP/1.1" 200 25448
::1 - - [25/Apr/2022:13:07:46 -0400] "GET /phpmyadmin/js/dist/doclinks.js?v=5.1.3 HTTP/1.1" 200 18292
::1 - - [25/Apr/2022:13:07:46 -0400] "GET /phpmyadmin/js/dist/navigation.js?v=5.1.3 HTTP/1.1" 200 54678
::1 - - [25/Apr/2022:13:07:46 -0400] "GET /phpmyadmin/js/vendor/jquery/jquery-ui.min.js?v=5.1.3 HTTP/1.1" 200 253669
::1 - - [25/Apr/2022:13:07:46 -0400] "GET /phpmyadmin/js/dist/common.js?v=5.1.3 HTTP/1.1" 200 4388
::1 - - [25/Apr/2022:13:07:46 -0400] "GET /phpmyadmin/js/dist/page_settings.js?v=5.1.3 HTTP/1.1" 200 1568
::1 - - [25/Apr/2022:13:07:46 -0400] "GET /phpmyadmin/js/dist/indexes.js?v=5.1.3 HTTP/1.1" 200 26322
::1 - - [25/Apr/2022:13:07:46 -0400] "GET /phpmyadmin/js/dist/functions.js?v=5.1.3 HTTP/1.1" 200 161208
::1 - - [25/Apr/2022:13:07:46 -0400] "GET /phpmyadmin/js/vendor/codemirror/addon/runmode/runmode.js?v=5.1.3 HTTP/1.1" 200 2773
::1 - - [25/Apr/2022:13:07:46 -0400] "GET /phpmyadmin/js/vendor/codemirror/mode/sql/sql.js?v=5.1.3 HTTP/1.1" 200 47998
::1 - - [25/Apr/2022:13:07:46 -0400] "GET /phpmyadmin/js/vendor/codemirror/addon/hint/show-hint.js?v=5.1.3 HTTP/1.1" 200 19979
::1 - - [25/Apr/2022:13:07:46 -0400] "GET /phpmyadmin/js/vendor/codemirror/addon/hint/sql-hint.js?v=5.1.3 HTTP/1.1" 200 9604
::1 - - [25/Apr/2022:13:07:46 -0400] "GET /phpmyadmin/js/dist/codemirror/addon/lint/sql-lint.js?v=5.1.3 HTTP/1.1" 200 959
::1 - - [25/Apr/2022:13:07:46 -0400] "GET /phpmyadmin/js/vendor/codemirror/addon/lint/lint.js?v=5.1.3 HTTP/1.1" 200 9985
::1 - - [25/Apr/2022:13:07:46 -0400] "GET /phpmyadmin/js/vendor/tracekit.js?v=5.1.3 HTTP/1.1" 200 47128
::1 - - [25/Apr/2022:13:07:46 -0400] "GET /phpmyadmin/js/dist/error_report.js?v=5.1.3 HTTP/1.1" 200 9664
::1 - - [25/Apr/2022:13:07:46 -0400] "GET /phpmyadmin/js/dist/drag_drop_import.js?v=5.1.3 HTTP/1.1" 200 12308
::1 - - [25/Apr/2022:13:07:46 -0400] "GET /phpmyadmin/js/dist/shortcuts_handler.js?v=5.1.3 HTTP/1.1" 200 3326
::1 - - [25/Apr/2022:13:07:46 -0400] "GET /phpmyadmin/js/dist/console.js?v=5.1.3 HTTP/1.1" 200 49699
::1 - - [25/Apr/2022:13:07:46 -0400] "GET /phpmyadmin/js/vendor/codemirror/lib/codemirror.js?v=5.1.3 HTTP/1.1" 200 399842
::1 - - [25/Apr/2022:13:07:46 -0400] "GET /phpmyadmin/themes/pmahomme/img/logo_right.png HTTP/1.1" 200 4306
::1 - - [25/Apr/2022:13:07:46 -0400] "GET /phpmyadmin/themes/pmahomme/css/printview.css?v=5.1.3 HTTP/1.1" 200 1392
::1 - - [25/Apr/2022:13:07:46 -0400] "GET /phpmyadmin/js/messages.php?l=en&v=5.1.3 HTTP/1.1" 200 7921
::1 - - [25/Apr/2022:13:08:05 -0400] "POST /phpmyadmin/index.php?route=/ HTTP/1.1" 302 20
::1 - - [25/Apr/2022:13:08:05 -0400] "GET /phpmyadmin/index.php?route=/&route=%2F HTTP/1.1" 200 14728
::1 - - [25/Apr/2022:13:08:07 -0400] "GET /phpmyadmin/themes/pmahomme/css/theme.css?v=5.1.3&nocache=240948996ltr&server=1 HTTP/1.1" 200 216144
::1 - - [25/Apr/2022:13:08:08 -0400] "GET /phpmyadmin/themes/pmahomme/img/s_passwd.png HTTP/1.1" 200 331
::1 - - [25/Apr/2022:13:08:08 -0400] "GET /phpmyadmin/themes/pmahomme/img/s_notice.png HTTP/1.1" 200 567
::1 - - [25/Apr/2022:13:08:08 -0400] "POST /phpmyadmin/index.php?route=/config/get HTTP/1.1" 200 1523
::1 - - [25/Apr/2022:13:08:08 -0400] "POST /phpmyadmin/index.php?route=/navigation&ajax_request=1 HTTP/1.1" 200 2042
::1 - - [25/Apr/2022:13:08:08 -0400] "POST /phpmyadmin/index.php?route=/config/get HTTP/1.1" 200 1612
::1 - - [25/Apr/2022:13:08:08 -0400] "POST /phpmyadmin/index.php?route=/version-check HTTP/1.1" 200 48
::1 - - [25/Apr/2022:13:08:08 -0400] "POST /phpmyadmin/index.php?route=/navigation&ajax_request=1 HTTP/1.1" 200 1540
::1 - - [25/Apr/2022:13:08:09 -0400] "GET /phpmyadmin/themes/pmahomme/img/b_minus.png HTTP/1.1" 200 123
::1 - - [25/Apr/2022:13:08:08 -0400] "POST /phpmyadmin/index.php?route=/config/set HTTP/1.1" 200 1514
::1 - - [25/Apr/2022:13:08:23 -0400] "GET /phpmyadmin/index.php?route=/database/structure&server=1&db=test&ajax_request=true&ajax_page_request=true&_nocache=1650906503695710778&token=52424872565d53707a762f4f2d305e58 HTTP/1.1" 200 2973
::1 - - [25/Apr/2022:13:08:24 -0400] "GET /phpmyadmin/themes/pmahomme/img/b_table_add.png HTTP/1.1" 200 571
::1 - - [25/Apr/2022:13:08:24 -0400] "GET /phpmyadmin/js/dist/database/structure.js?v=5.1.3 HTTP/1.1" 200 15663
::1 - - [25/Apr/2022:13:08:24 -0400] "GET /phpmyadmin/js/dist/table/change.js?v=5.1.3 HTTP/1.1" 200 29079
::1 - - [25/Apr/2022:13:09:02 -0400] "GET /phpmyadmin/themes/pmahomme/img/b_search.png HTTP/1.1" 200 538
::1 - - [25/Apr/2022:13:09:02 -0400] "GET /phpmyadmin/themes/pmahomme/img/b_routines.png HTTP/1.1" 200 306
::1 - - [25/Apr/2022:13:09:02 -0400] "GET /phpmyadmin/themes/pmahomme/img/b_events.png HTTP/1.1" 200 703
::1 - - [25/Apr/2022:13:09:02 -0400] "GET /phpmyadmin/themes/pmahomme/img/b_triggers.png HTTP/1.1" 200 446
::1 - - [25/Apr/2022:13:09:02 -0400] "GET /phpmyadmin/themes/pmahomme/img/b_relations.png HTTP/1.1" 200 140
::1 - - [25/Apr/2022:13:09:02 -0400] "GET /phpmyadmin/themes/pmahomme/img/b_more.png HTTP/1.1" 200 111
::1 - - [25/Apr/2022:13:09:04 -0400] "GET /phpmyadmin/index.php?route=/database/sql&db=test&ajax_request=true&ajax_page_request=true&_nocache=1650906544777189834&token=52424872565d53707a762f4f2d305e58 HTTP/1.1" 200 4604
::1 - - [25/Apr/2022:13:09:05 -0400] "GET /phpmyadmin/js/vendor/stickyfill.min.js?v=5.1.3 HTTP/1.1" 200 6500
::1 - - [25/Apr/2022:13:09:05 -0400] "GET /phpmyadmin/js/vendor/jquery/jquery.uitablefilter.js?v=5.1.3 HTTP/1.1" 200 3139
::1 - - [25/Apr/2022:13:09:05 -0400] "GET /phpmyadmin/js/dist/sql.js?v=5.1.3 HTTP/1.1" 200 35847
::1 - - [25/Apr/2022:13:09:05 -0400] "GET /phpmyadmin/js/dist/makegrid.js?v=5.1.3 HTTP/1.1" 200 79747
::1 - - [25/Apr/2022:13:09:49 -0400] "GET /phpmyadmin/index.php?route=/database/structure&db=test&ajax_request=true&ajax_page_request=true&_nocache=1650906589324103691&token=52424872565d53707a762f4f2d305e58 HTTP/1.1" 200 2973
::1 - - [25/Apr/2022:13:09:50 -0400] "GET /phpmyadmin/index.php?route=/&ajax_request=true&ajax_page_request=true&_nocache=165090659066415401&token=52424872565d53707a762f4f2d305e58 HTTP/1.1" 200 7399
::1 - - [25/Apr/2022:13:09:50 -0400] "POST /phpmyadmin/index.php?route=/version-check HTTP/1.1" 200 48
::1 - - [25/Apr/2022:13:09:53 -0400] "GET /phpmyadmin/index.php?route=/server/databases&ajax_request=true&ajax_page_request=true&_nocache=1650906593495641852&token=52424872565d53707a762f4f2d305e58 HTTP/1.1" 200 6239
::1 - - [25/Apr/2022:13:09:54 -0400] "GET /phpmyadmin/themes/pmahomme/img/s_asc.png HTTP/1.1" 200 146
::1 - - [25/Apr/2022:13:09:54 -0400] "GET /phpmyadmin/themes/pmahomme/img/b_deltbl.png HTTP/1.1" 200 577
::1 - - [25/Apr/2022:13:09:54 -0400] "GET /phpmyadmin/themes/pmahomme/img/arrow_ltr.png HTTP/1.1" 200 101
::1 - - [25/Apr/2022:13:09:54 -0400] "GET /phpmyadmin/js/dist/server/databases.js?v=5.1.3 HTTP/1.1" 200 4917
::1 - - [25/Apr/2022:13:10:01 -0400] "GET /phpmyadmin/themes/pmahomme/jquery/images/ui-icons_888888_256x240.png HTTP/1.1" 200 3765
::1 - - [25/Apr/2022:13:10:01 -0400] "GET /phpmyadmin/themes/pmahomme/jquery/images/ui-bg_glass_75_e6e6e6_1x400.png HTTP/1.1" 200 121
::1 - - [25/Apr/2022:13:10:01 -0400] "GET /phpmyadmin/themes/pmahomme/jquery/images/ui-bg_highlight-soft_75_cccccc_1x100.png HTTP/1.1" 200 122
::1 - - [25/Apr/2022:13:10:01 -0400] "GET /phpmyadmin/themes/pmahomme/jquery/images/ui-icons_222222_256x240.png HTTP/1.1" 200 3765
::1 - - [25/Apr/2022:13:10:01 -0400] "GET /phpmyadmin/themes/pmahomme/jquery/images/ui-bg_glass_75_dadada_1x400.png HTTP/1.1" 200 126
::1 - - [25/Apr/2022:13:10:03 -0400] "GET /phpmyadmin/themes/pmahomme/jquery/images/ui-bg_glass_65_ffffff_1x400.png HTTP/1.1" 200 73
::1 - - [25/Apr/2022:13:10:03 -0400] "POST /phpmyadmin/index.php HTTP/1.1" 200 1576
::1 - - [25/Apr/2022:13:10:03 -0400] "GET /phpmyadmin/themes/pmahomme/img/s_success.png HTTP/1.1" 200 465
::1 - - [25/Apr/2022:13:10:03 -0400] "POST /phpmyadmin/index.php?route=/navigation&ajax_request=1 HTTP/1.1" 200 1892
::1 - - [25/Apr/2022:13:10:03 -0400] "GET /phpmyadmin/index.php?server=1&db=&table=&ajax_request=true&ajax_page_request=true&_nocache=1650906603597249336&token=52424872565d53707a762f4f2d305e58 HTTP/1.1" 200 7399
::1 - - [25/Apr/2022:13:10:04 -0400] "POST /phpmyadmin/index.php?route=/version-check HTTP/1.1" 200 48
::1 - - [25/Apr/2022:13:10:05 -0400] "GET /phpmyadmin/index.php?route=/server/databases&server=1&ajax_request=true&ajax_page_request=true&_nocache=1650906605126501642&token=52424872565d53707a762f4f2d305e58 HTTP/1.1" 200 5139
::1 - - [25/Apr/2022:13:10:19 -0400] "POST /phpmyadmin/index.php?route=/server/databases/create HTTP/1.1" 200 1913
::1 - - [25/Apr/2022:13:10:19 -0400] "POST /phpmyadmin/index.php?route=/navigation&ajax_request=1 HTTP/1.1" 200 2057
::1 - - [25/Apr/2022:13:10:19 -0400] "GET /phpmyadmin/index.php?route=/database/structure&db=korby_store&ajax_request=true&ajax_page_request=true&_nocache=1650906619400403418&token=52424872565d53707a762f4f2d305e58 HTTP/1.1" 200 2981
::1 - - [25/Apr/2022:13:10:19 -0400] "POST /phpmyadmin/index.php?route=/navigation&ajax_request=1 HTTP/1.1" 200 1540
::1 - - [25/Apr/2022:13:10:19 -0400] "POST /phpmyadmin/index.php?route=/navigation&ajax_request=1 HTTP/1.1" 200 1540
::1 - - [25/Apr/2022:13:11:28 -0400] "GET /phpmyadmin/index.php?route=/database/sql&db=korby_store&ajax_request=true&ajax_page_request=true&_nocache=165090668840586797&token=52424872565d53707a762f4f2d305e58 HTTP/1.1" 200 4613
::1 - - [25/Apr/2022:13:11:31 -0400] "GET /phpmyadmin/themes/pmahomme/img/s_lock.png HTTP/1.1" 200 667
::1 - - [25/Apr/2022:13:11:31 -0400] "POST /phpmyadmin/index.php?route=/database/sql/autocomplete HTTP/1.1" 200 1577
::1 - - [25/Apr/2022:13:11:32 -0400] "POST /phpmyadmin/index.php?route=/lint HTTP/1.1" 200 28
::1 - - [25/Apr/2022:13:11:36 -0400] "POST /phpmyadmin/index.php?route=/lint HTTP/1.1" 200 28
::1 - - [25/Apr/2022:13:11:40 -0400] "POST /phpmyadmin/index.php?route=/lint HTTP/1.1" 200 28
::1 - - [25/Apr/2022:13:11:42 -0400] "POST /phpmyadmin/index.php?route=/lint HTTP/1.1" 200 28
::1 - - [25/Apr/2022:13:11:43 -0400] "POST /phpmyadmin/index.php?route=/lint HTTP/1.1" 200 28
::1 - - [25/Apr/2022:13:12:00 -0400] "POST /phpmyadmin/index.php?route=/import HTTP/1.1" 200 556
::1 - - [25/Apr/2022:13:12:19 -0400] "POST /phpmyadmin/index.php?route=/lint HTTP/1.1" 200 28
::1 - - [25/Apr/2022:13:12:20 -0400] "POST /phpmyadmin/index.php?route=/lint HTTP/1.1" 200 28
::1 - - [25/Apr/2022:13:12:44 -0400] "POST /phpmyadmin/index.php?route=/lint HTTP/1.1" 200 230
::1 - - [25/Apr/2022:13:12:47 -0400] "POST /phpmyadmin/index.php?route=/lint HTTP/1.1" 200 28
::1 - - [25/Apr/2022:13:13:05 -0400] "POST /phpmyadmin/index.php?route=/lint HTTP/1.1" 200 28
::1 - - [25/Apr/2022:13:13:05 -0400] "POST /phpmyadmin/index.php?route=/lint HTTP/1.1" 200 28
::1 - - [25/Apr/2022:13:13:19 -0400] "POST /phpmyadmin/index.php?route=/lint HTTP/1.1" 200 28
::1 - - [25/Apr/2022:13:14:17 -0400] "GET /phpmyadmin/url.php?url=https%3A%2F%2Fdev.mysql.com%2Fdoc%2Frefman%2F5.7%2Fen%2Fserver-error-reference.html HTTP/1.1" 200 183
::1 - - [25/Apr/2022:13:15:17 -0400] "-" 408 -
::1 - - [25/Apr/2022:13:15:33 -0400] "GET /phpmyadmin/index.php?route=/database/structure&db=korby_store&ajax_request=true&ajax_page_request=true&_nocache=1650906933297994575&token=52424872565d53707a762f4f2d305e58 HTTP/1.1" 200 5614
::1 - - [25/Apr/2022:13:15:34 -0400] "GET /phpmyadmin/themes/pmahomme/img/b_no_favorite.png HTTP/1.1" 200 377
::1 - - [25/Apr/2022:13:15:34 -0400] "GET /phpmyadmin/themes/pmahomme/img/bd_browse.png HTTP/1.1" 200 271
::1 - - [25/Apr/2022:13:15:34 -0400] "GET /phpmyadmin/themes/pmahomme/img/bd_select.png HTTP/1.1" 200 325
::1 - - [25/Apr/2022:13:15:34 -0400] "GET /phpmyadmin/themes/pmahomme/img/b_insrow.png HTTP/1.1" 200 157
::1 - - [25/Apr/2022:13:15:34 -0400] "GET /phpmyadmin/themes/pmahomme/img/bd_empty.png HTTP/1.1" 200 327
::1 - - [25/Apr/2022:13:15:34 -0400] "GET /phpmyadmin/themes/pmahomme/img/b_drop.png HTTP/1.1" 200 637
::1 - - [25/Apr/2022:13:15:34 -0400] "GET /phpmyadmin/themes/pmahomme/img/b_print.png HTTP/1.1" 200 639
::1 - - [25/Apr/2022:13:15:34 -0400] "GET /phpmyadmin/themes/pmahomme/img/b_tblanalyse.png HTTP/1.1" 200 152
::1 - - [25/Apr/2022:13:15:34 -0400] "GET /phpmyadmin/themes/pmahomme/img/arrow_ltr.png HTTP/1.1" 304 -
::1 - - [25/Apr/2022:13:15:36 -0400] "GET /phpmyadmin/index.php?route=/sql/get-default-fk-check-value&ajax_request=true&server=1&_nocache=1650906936690708531&token=52424872565d53707a762f4f2d305e58 HTTP/1.1" 200 1544
::1 - - [25/Apr/2022:13:15:37 -0400] "POST /phpmyadmin/index.php?route=/sql HTTP/1.1" 200 2046
::1 - - [25/Apr/2022:13:15:38 -0400] "POST /phpmyadmin/index.php?route=/navigation&ajax_request=1 HTTP/1.1" 200 2363
::1 - - [25/Apr/2022:13:15:44 -0400] "GET /phpmyadmin/index.php?route=/sql/get-default-fk-check-value&ajax_request=true&server=1&_nocache=1650906944661419590&token=52424872565d53707a762f4f2d305e58 HTTP/1.1" 200 1544
::1 - - [25/Apr/2022:13:15:45 -0400] "GET /phpmyadmin/themes/pmahomme/jquery/images/ui-icons_454545_256x240.png HTTP/1.1" 200 3765
::1 - - [25/Apr/2022:13:15:45 -0400] "POST /phpmyadmin/index.php?route=/sql HTTP/1.1" 200 2051
::1 - - [25/Apr/2022:13:15:46 -0400] "POST /phpmyadmin/index.php?route=/navigation&ajax_request=1 HTTP/1.1" 200 2321
::1 - - [25/Apr/2022:13:15:47 -0400] "GET /phpmyadmin/index.php?route=/sql/get-default-fk-check-value&ajax_request=true&server=1&_nocache=1650906947221273014&token=52424872565d53707a762f4f2d305e58 HTTP/1.1" 200 1544
::1 - - [25/Apr/2022:13:15:48 -0400] "POST /phpmyadmin/index.php?route=/sql HTTP/1.1" 200 2039
::1 - - [25/Apr/2022:13:15:48 -0400] "POST /phpmyadmin/index.php?route=/navigation&ajax_request=1 HTTP/1.1" 200 2274
::1 - - [25/Apr/2022:13:15:49 -0400] "GET /phpmyadmin/index.php?route=/sql/get-default-fk-check-value&ajax_request=true&server=1&_nocache=1650906949634518573&token=52424872565d53707a762f4f2d305e58 HTTP/1.1" 200 1544
::1 - - [25/Apr/2022:13:15:50 -0400] "POST /phpmyadmin/index.php?route=/sql HTTP/1.1" 200 2046
::1 - - [25/Apr/2022:13:15:51 -0400] "POST /phpmyadmin/index.php?route=/navigation&ajax_request=1 HTTP/1.1" 200 2049
::1 - - [25/Apr/2022:13:15:52 -0400] "GET /phpmyadmin/index.php?route=/database/sql&db=korby_store&ajax_request=true&ajax_page_request=true&_nocache=165090695241682082&token=52424872565d53707a762f4f2d305e58 HTTP/1.1" 200 4616
::1 - - [25/Apr/2022:13:16:07 -0400] "POST /phpmyadmin/index.php?route=/database/sql/autocomplete HTTP/1.1" 200 1578
::1 - - [25/Apr/2022:13:16:07 -0400] "POST /phpmyadmin/index.php?route=/lint HTTP/1.1" 200 28
::1 - - [25/Apr/2022:13:16:11 -0400] "POST /phpmyadmin/index.php?route=/import HTTP/1.1" 200 2045
::1 - - [25/Apr/2022:13:16:11 -0400] "POST /phpmyadmin/index.php?route=/navigation&ajax_request=1 HTTP/1.1" 200 2274
::1 - - [25/Apr/2022:13:16:14 -0400] "GET /phpmyadmin/index.php?route=/database/sql&db=korby_store&ajax_request=true&ajax_page_request=true&_nocache=1650906974209518324&token=52424872565d53707a762f4f2d305e58 HTTP/1.1" 200 4616
::1 - - [25/Apr/2022:13:16:20 -0400] "POST /phpmyadmin/index.php?route=/database/sql/autocomplete HTTP/1.1" 200 1677
::1 - - [25/Apr/2022:13:16:21 -0400] "POST /phpmyadmin/index.php?route=/lint HTTP/1.1" 200 28
::1 - - [25/Apr/2022:13:16:25 -0400] "POST /phpmyadmin/index.php?route=/lint HTTP/1.1" 200 28
::1 - - [25/Apr/2022:13:16:28 -0400] "POST /phpmyadmin/index.php?route=/import HTTP/1.1" 200 2174
::1 - - [25/Apr/2022:13:16:38 -0400] "GET /phpmyadmin/index.php?route=/database/sql&db=korby_store&ajax_request=true&ajax_page_request=true&_nocache=1650906998434944407&token=52424872565d53707a762f4f2d305e58 HTTP/1.1" 200 4616
::1 - - [25/Apr/2022:13:16:41 -0400] "POST /phpmyadmin/index.php?route=/database/sql/autocomplete HTTP/1.1" 200 1770
::1 - - [25/Apr/2022:13:16:41 -0400] "POST /phpmyadmin/index.php?route=/lint HTTP/1.1" 200 28
::1 - - [25/Apr/2022:13:16:42 -0400] "POST /phpmyadmin/index.php?route=/import HTTP/1.1" 200 2096
::1 - - [25/Apr/2022:13:16:43 -0400] "POST /phpmyadmin/index.php?route=/navigation&ajax_request=1 HTTP/1.1" 200 2363
::1 - - [25/Apr/2022:13:16:56 -0400] "GET /phpmyadmin/index.php?route=/database/sql&db=korby_store&ajax_request=true&ajax_page_request=true&_nocache=165090701621347247&token=52424872565d53707a762f4f2d305e58 HTTP/1.1" 200 4616
::1 - - [25/Apr/2022:13:16:57 -0400] "POST /phpmyadmin/index.php?route=/database/sql/autocomplete HTTP/1.1" 200 1816
::1 - - [25/Apr/2022:13:16:58 -0400] "POST /phpmyadmin/index.php?route=/lint HTTP/1.1" 200 142
::1 - - [25/Apr/2022:13:17:03 -0400] "POST /phpmyadmin/index.php?route=/lint HTTP/1.1" 200 147
::1 - - [25/Apr/2022:13:17:05 -0400] "POST /phpmyadmin/index.php?route=/lint HTTP/1.1" 200 28
::1 - - [25/Apr/2022:13:17:05 -0400] "POST /phpmyadmin/index.php?route=/lint HTTP/1.1" 200 28
::1 - - [25/Apr/2022:13:17:07 -0400] "POST /phpmyadmin/index.php?route=/import HTTP/1.1" 200 2111
::1 - - [25/Apr/2022:13:17:07 -0400] "POST /phpmyadmin/index.php?route=/navigation&ajax_request=1 HTTP/1.1" 200 2409
::1 - - [25/Apr/2022:13:17:13 -0400] "GET /phpmyadmin/index.php?route=/database/sql&db=korby_store&ajax_request=true&ajax_page_request=true&_nocache=1650907033421304158&token=52424872565d53707a762f4f2d305e58 HTTP/1.1" 200 4616
::1 - - [25/Apr/2022:13:17:14 -0400] "POST /phpmyadmin/index.php?route=/database/sql/autocomplete HTTP/1.1" 200 1854
::1 - - [25/Apr/2022:13:17:15 -0400] "POST /phpmyadmin/index.php?route=/lint HTTP/1.1" 200 28
::1 - - [25/Apr/2022:13:17:34 -0400] "POST /phpmyadmin/index.php?route=/lint HTTP/1.1" 200 28
::1 - - [25/Apr/2022:13:17:37 -0400] "POST /phpmyadmin/index.php?route=/import HTTP/1.1" 200 2253
::1 - - [25/Apr/2022:13:17:38 -0400] "POST /phpmyadmin/index.php?route=/navigation&ajax_request=1 HTTP/1.1" 200 2443
::1 - - [25/Apr/2022:13:17:40 -0400] "GET /phpmyadmin/index.php?route=/database/structure&db=korby_store&ajax_request=true&ajax_page_request=true&_nocache=1650907060158531048&token=52424872565d53707a762f4f2d305e58 HTTP/1.1" 200 5822
::1 - - [25/Apr/2022:13:18:37 -0400] "GET /phpmyadmin/themes/pmahomme/img/s_desc.png HTTP/1.1" 200 146
::1 - - [25/Apr/2022:13:18:38 -0400] "GET /phpmyadmin/index.php?route=/sql&db=korby_store&table=publisher&pos=0&ajax_request=true&ajax_page_request=true&_nocache=1650907118944410353&token=52424872565d53707a762f4f2d305e58 HTTP/1.1" 200 4916
::1 - - [25/Apr/2022:13:18:39 -0400] "GET /phpmyadmin/themes/pmahomme/img/s_tbl.png HTTP/1.1" 200 645
::1 - - [25/Apr/2022:13:18:39 -0400] "GET /phpmyadmin/themes/pmahomme/img/b_browse.png HTTP/1.1" 200 486
::1 - - [25/Apr/2022:13:18:39 -0400] "GET /phpmyadmin/themes/pmahomme/img/b_tblexport.png HTTP/1.1" 200 514
::1 - - [25/Apr/2022:13:18:39 -0400] "GET /phpmyadmin/themes/pmahomme/img/b_view_add.png HTTP/1.1" 200 678
::1 - - [25/Apr/2022:13:18:39 -0400] "GET /phpmyadmin/themes/pmahomme/img/b_tblimport.png HTTP/1.1" 200 556
::1 - - [25/Apr/2022:13:18:39 -0400] "GET /phpmyadmin/js/dist/multi_column_sort.js?v=5.1.3 HTTP/1.1" 200 1296
::1 - - [25/Apr/2022:13:18:39 -0400] "GET /phpmyadmin/js/dist/gis_data_editor.js?v=5.1.3 HTTP/1.1" 200 13782
::1 - - [25/Apr/2022:13:18:39 -0400] "GET /phpmyadmin/index.php?route=/recent-table&ajax_request=1&recent_table=1&no_debug=true&_nocache=1650907119717390357&token=52424872565d53707a762f4f2d305e58 HTTP/1.1" 200 1580
::1 - - [25/Apr/2022:13:18:57 -0400] "GET /phpmyadmin/index.php?route=/table/structure&db=korby_store&table=publisher&ajax_request=true&ajax_page_request=true&_nocache=1650907137898479988&token=52424872565d53707a762f4f2d305e58 HTTP/1.1" 200 7200
::1 - - [25/Apr/2022:13:18:58 -0400] "GET /phpmyadmin/themes/pmahomme/img/b_primary.png HTTP/1.1" 200 536
::1 - - [25/Apr/2022:13:18:58 -0400] "GET /phpmyadmin/themes/pmahomme/img/b_edit.png HTTP/1.1" 200 377
::1 - - [25/Apr/2022:13:18:58 -0400] "GET /phpmyadmin/themes/pmahomme/img/b_unique.png HTTP/1.1" 200 583
::1 - - [25/Apr/2022:13:18:58 -0400] "GET /phpmyadmin/themes/pmahomme/img/b_index.png HTTP/1.1" 200 643
::1 - - [25/Apr/2022:13:18:58 -0400] "GET /phpmyadmin/themes/pmahomme/img/b_spatial.png HTTP/1.1" 200 376
::1 - - [25/Apr/2022:13:18:58 -0400] "GET /phpmyadmin/themes/pmahomme/img/b_ftext.png HTTP/1.1" 200 550
::1 - - [25/Apr/2022:13:18:58 -0400] "GET /phpmyadmin/themes/pmahomme/img/b_move.png HTTP/1.1" 200 381
::1 - - [25/Apr/2022:13:18:58 -0400] "GET /phpmyadmin/themes/pmahomme/img/normalize.png HTTP/1.1" 200 505
::1 - - [25/Apr/2022:13:18:58 -0400] "GET /phpmyadmin/themes/pmahomme/img/b_rename.svg HTTP/1.1" 200 881
::1 - - [25/Apr/2022:13:18:59 -0400] "GET /phpmyadmin/js/dist/table/structure.js?v=5.1.3 HTTP/1.1" 200 17577
::1 - - [25/Apr/2022:13:18:58 -0400] "GET /phpmyadmin/index.php?route=/recent-table&ajax_request=1&recent_table=1&no_debug=true&_nocache=1650907138994595793&token=52424872565d53707a762f4f2d305e58 HTTP/1.1" 200 1580
::1 - - [25/Apr/2022:13:19:22 -0400] "GET /phpmyadmin/index.php?route=/table/change&db=korby_store&table=publisher&ajax_request=true&ajax_page_request=true&_nocache=1650907162846720813&token=52424872565d53707a762f4f2d305e58 HTTP/1.1" 200 6095
::1 - - [25/Apr/2022:13:19:23 -0400] "GET /phpmyadmin/js/vendor/jquery/additional-methods.js?v=5.1.3 HTTP/1.1" 200 52032
::1 - - [25/Apr/2022:13:19:23 -0400] "GET /phpmyadmin/index.php?route=/recent-table&ajax_request=1&recent_table=1&no_debug=true&_nocache=1650907163332936736&token=52424872565d53707a762f4f2d305e58 HTTP/1.1" 200 1580
::1 - - [25/Apr/2022:13:20:14 -0400] "POST /phpmyadmin/index.php?route=/table/replace HTTP/1.1" 200 5332
::1 - - [25/Apr/2022:13:20:15 -0400] "GET /phpmyadmin/index.php?route=/recent-table&ajax_request=1&recent_table=1&no_debug=true&_nocache=165090721537766002&token=52424872565d53707a762f4f2d305e58 HTTP/1.1" 200 1580
::1 - - [25/Apr/2022:13:20:15 -0400] "POST /phpmyadmin/index.php?route=/lint HTTP/1.1" 200 28
::1 - - [25/Apr/2022:13:22:00 -0400] "GET /publish.html HTTP/1.1" 304 -
::1 - - [25/Apr/2022:13:22:00 -0400] "GET /style.css HTTP/1.1" 404 196
::1 - - [25/Apr/2022:13:22:15 -0400] "POST /publish.php HTTP/1.1" 500 -
::1 - - [25/Apr/2022:13:22:43 -0400] "GET /phpmyadmin/index.php?route=/sql&server=1&db=korby_store&table=publisher&pos=0&ajax_request=true&ajax_page_request=true&_nocache=1650907363183479091&token=52424872565d53707a762f4f2d305e58 HTTP/1.1" 200 6920
::1 - - [25/Apr/2022:13:22:43 -0400] "GET /phpmyadmin/themes/pmahomme/img/b_chart.png HTTP/1.1" 200 449
::1 - - [25/Apr/2022:13:22:44 -0400] "GET /phpmyadmin/themes/pmahomme/img/col_drop.png HTTP/1.1" 200 111
::1 - - [25/Apr/2022:13:22:44 -0400] "GET /phpmyadmin/themes/pmahomme/img/col_pointer.png HTTP/1.1" 200 102
::1 - - [25/Apr/2022:13:22:44 -0400] "GET /phpmyadmin/themes/pmahomme/img/arrow_ltr.png HTTP/1.1" 304 -
::1 - - [25/Apr/2022:13:22:44 -0400] "GET /phpmyadmin/themes/pmahomme/img/s_fulltext.png HTTP/1.1" 200 176
::1 - - [25/Apr/2022:13:22:43 -0400] "GET /phpmyadmin/index.php?route=/recent-table&ajax_request=1&recent_table=1&no_debug=true&_nocache=1650907363972239669&token=52424872565d53707a762f4f2d305e58 HTTP/1.1" 200 1580
::1 - - [25/Apr/2022:13:25:50 -0400] "GET / HTTP/1.1" 200 382
::1 - - [25/Apr/2022:13:25:50 -0400] "GET /style.css HTTP/1.1" 404 196
::1 - - [25/Apr/2022:13:25:52 -0400] "GET /publish.php HTTP/1.1" 500 -
::1 - - [25/Apr/2022:13:26:48 -0400] "-" 408 -
::1 - - [25/Apr/2022:13:26:55 -0400] "-" 408 -
::1 - - [25/Apr/2022:13:32:07 -0400] "GET / HTTP/1.1" 200 382
::1 - - [25/Apr/2022:13:32:07 -0400] "GET /style.css HTTP/1.1" 404 196
::1 - - [25/Apr/2022:13:32:08 -0400] "GET /publish.php HTTP/1.1" 500 336
::1 - - [25/Apr/2022:13:32:08 -0400] "GET /style.css HTTP/1.1" 404 196
::1 - - [25/Apr/2022:13:32:14 -0400] "GET /publish.php HTTP/1.1" 500 336
::1 - - [25/Apr/2022:13:32:14 -0400] "GET /style.css HTTP/1.1" 404 196
::1 - - [25/Apr/2022:13:32:59 -0400] "GET /publish.php HTTP/1.1" 500 872
::1 - - [25/Apr/2022:13:32:59 -0400] "GET /style.css HTTP/1.1" 404 196
::1 - - [25/Apr/2022:13:33:55 -0400] "GET /publish.php HTTP/1.1" 500 872
::1 - - [25/Apr/2022:13:33:55 -0400] "GET /style.css HTTP/1.1" 404 196
::1 - - [25/Apr/2022:13:33:59 -0400] "GET / HTTP/1.1" 200 382
::1 - - [25/Apr/2022:13:33:59 -0400] "GET /style.css HTTP/1.1" 404 196
::1 - - [25/Apr/2022:13:34:00 -0400] "GET /publish.php HTTP/1.1" 500 872
::1 - - [25/Apr/2022:13:34:00 -0400] "GET /style.css HTTP/1.1" 404 196
::1 - - [25/Apr/2022:13:34:35 -0400] "POST /publish.php HTTP/1.1" 500 872
::1 - - [25/Apr/2022:13:34:35 -0400] "GET /style.css HTTP/1.1" 404 196
::1 - - [25/Apr/2022:13:34:45 -0400] "GET /phpmyadmin/index.php?route=/sql&server=1&db=korby_store&table=publisher&pos=0 HTTP/1.1" 200 13592
::1 - - [25/Apr/2022:13:34:46 -0400] "GET /phpmyadmin/js/vendor/codemirror/lib/codemirror.css?v=5.1.3 HTTP/1.1" 304 -
::1 - - [25/Apr/2022:13:34:46 -0400] "GET /phpmyadmin/themes/pmahomme/css/theme.css?v=5.1.3&nocache=1489511410ltr&server=1 HTTP/1.1" 200 216144
::1 - - [25/Apr/2022:13:34:46 -0400] "GET /phpmyadmin/js/vendor/codemirror/addon/hint/show-hint.css?v=5.1.3 HTTP/1.1" 304 -
::1 - - [25/Apr/2022:13:34:46 -0400] "GET /phpmyadmin/js/vendor/codemirror/addon/lint/lint.css?v=5.1.3 HTTP/1.1" 304 -
::1 - - [25/Apr/2022:13:34:46 -0400] "GET /phpmyadmin/js/dist/ajax.js?v=5.1.3 HTTP/1.1" 304 -
::1 - - [25/Apr/2022:13:34:46 -0400] "GET /phpmyadmin/js/vendor/sprintf.js?v=5.1.3 HTTP/1.1" 304 -
::1 - - [25/Apr/2022:13:34:46 -0400] "GET /phpmyadmin/js/dist/keyhandler.js?v=5.1.3 HTTP/1.1" 304 -
::1 - - [25/Apr/2022:13:34:46 -0400] "GET /phpmyadmin/js/vendor/jquery/jquery.min.js?v=5.1.3 HTTP/1.1" 304 -
::1 - - [25/Apr/2022:13:34:46 -0400] "GET /phpmyadmin/js/vendor/jquery/jquery-migrate.js?v=5.1.3 HTTP/1.1" 304 -
::1 - - [25/Apr/2022:13:34:46 -0400] "GET /phpmyadmin/js/vendor/bootstrap/bootstrap.bundle.min.js?v=5.1.3 HTTP/1.1" 304 -
::1 - - [25/Apr/2022:13:34:46 -0400] "GET /phpmyadmin/js/vendor/js.cookie.js?v=5.1.3 HTTP/1.1" 304 -
::1 - - [25/Apr/2022:13:34:46 -0400] "GET /phpmyadmin/js/vendor/jquery/jquery-ui.min.js?v=5.1.3 HTTP/1.1" 304 -
::1 - - [25/Apr/2022:13:34:46 -0400] "GET /phpmyadmin/js/vendor/jquery/jquery.validate.js?v=5.1.3 HTTP/1.1" 304 -
::1 - - [25/Apr/2022:13:34:46 -0400] "GET /phpmyadmin/js/vendor/jquery/jquery.mousewheel.js?v=5.1.3 HTTP/1.1" 304 -
::1 - - [25/Apr/2022:13:34:46 -0400] "GET /phpmyadmin/js/vendor/jquery/jquery-ui-timepicker-addon.js?v=5.1.3 HTTP/1.1" 304 -
::1 - - [25/Apr/2022:13:34:46 -0400] "GET /phpmyadmin/js/vendor/jquery/jquery.ba-hashchange-2.0.js?v=5.1.3 HTTP/1.1" 304 -
::1 - - [25/Apr/2022:13:34:46 -0400] "GET /phpmyadmin/js/dist/menu_resizer.js?v=5.1.3 HTTP/1.1" 304 -
::1 - - [25/Apr/2022:13:34:46 -0400] "GET /phpmyadmin/js/vendor/jquery/jquery.debounce-1.0.6.js?v=5.1.3 HTTP/1.1" 304 -
::1 - - [25/Apr/2022:13:34:46 -0400] "GET /phpmyadmin/js/dist/rte.js?v=5.1.3 HTTP/1.1" 304 -
::1 - - [25/Apr/2022:13:34:46 -0400] "GET /phpmyadmin/js/dist/cross_framing_protection.js?v=5.1.3 HTTP/1.1" 304 -
::1 - - [25/Apr/2022:13:34:46 -0400] "GET /phpmyadmin/js/dist/config.js?v=5.1.3 HTTP/1.1" 304 -
::1 - - [25/Apr/2022:13:34:46 -0400] "GET /phpmyadmin/js/dist/doclinks.js?v=5.1.3 HTTP/1.1" 304 -
::1 - - [25/Apr/2022:13:34:46 -0400] "GET /phpmyadmin/js/dist/functions.js?v=5.1.3 HTTP/1.1" 304 -
::1 - - [25/Apr/2022:13:34:46 -0400] "GET /phpmyadmin/js/dist/navigation.js?v=5.1.3 HTTP/1.1" 304 -
::1 - - [25/Apr/2022:13:34:46 -0400] "GET /phpmyadmin/js/dist/indexes.js?v=5.1.3 HTTP/1.1" 304 -
::1 - - [25/Apr/2022:13:34:46 -0400] "GET /phpmyadmin/js/dist/common.js?v=5.1.3 HTTP/1.1" 304 -
::1 - - [25/Apr/2022:13:34:46 -0400] "GET /phpmyadmin/js/dist/page_settings.js?v=5.1.3 HTTP/1.1" 304 -
::1 - - [25/Apr/2022:13:34:46 -0400] "GET /phpmyadmin/js/vendor/stickyfill.min.js?v=5.1.3 HTTP/1.1" 304 -
::1 - - [25/Apr/2022:13:34:46 -0400] "GET /phpmyadmin/js/vendor/jquery/jquery.uitablefilter.js?v=5.1.3 HTTP/1.1" 304 -
::1 - - [25/Apr/2022:13:34:46 -0400] "GET /phpmyadmin/js/dist/table/change.js?v=5.1.3 HTTP/1.1" 304 -
::1 - - [25/Apr/2022:13:34:46 -0400] "GET /phpmyadmin/js/dist/gis_data_editor.js?v=5.1.3 HTTP/1.1" 304 -
::1 - - [25/Apr/2022:13:34:46 -0400] "GET /phpmyadmin/js/dist/multi_column_sort.js?v=5.1.3 HTTP/1.1" 304 -
::1 - - [25/Apr/2022:13:34:46 -0400] "GET /phpmyadmin/js/dist/makegrid.js?v=5.1.3 HTTP/1.1" 304 -
::1 - - [25/Apr/2022:13:34:46 -0400] "GET /phpmyadmin/js/dist/sql.js?v=5.1.3 HTTP/1.1" 304 -
::1 - - [25/Apr/2022:13:34:46 -0400] "GET /phpmyadmin/js/vendor/codemirror/lib/codemirror.js?v=5.1.3 HTTP/1.1" 304 -
::1 - - [25/Apr/2022:13:34:46 -0400] "GET /phpmyadmin/js/vendor/codemirror/mode/sql/sql.js?v=5.1.3 HTTP/1.1" 304 -
::1 - - [25/Apr/2022:13:34:46 -0400] "GET /phpmyadmin/js/vendor/codemirror/addon/hint/show-hint.js?v=5.1.3 HTTP/1.1" 304 -
::1 - - [25/Apr/2022:13:34:46 -0400] "GET /phpmyadmin/js/vendor/codemirror/addon/runmode/runmode.js?v=5.1.3 HTTP/1.1" 304 -
::1 - - [25/Apr/2022:13:34:46 -0400] "GET /phpmyadmin/js/vendor/codemirror/addon/lint/lint.js?v=5.1.3 HTTP/1.1" 304 -
::1 - - [25/Apr/2022:13:34:46 -0400] "GET /phpmyadmin/js/vendor/codemirror/addon/hint/sql-hint.js?v=5.1.3 HTTP/1.1" 304 -
::1 - - [25/Apr/2022:13:34:46 -0400] "GET /phpmyadmin/js/dist/codemirror/addon/lint/sql-lint.js?v=5.1.3 HTTP/1.1" 304 -
::1 - - [25/Apr/2022:13:34:46 -0400] "GET /phpmyadmin/js/vendor/tracekit.js?v=5.1.3 HTTP/1.1" 304 -
::1 - - [25/Apr/2022:13:34:46 -0400] "GET /phpmyadmin/js/dist/drag_drop_import.js?v=5.1.3 HTTP/1.1" 304 -
::1 - - [25/Apr/2022:13:34:46 -0400] "GET /phpmyadmin/js/dist/error_report.js?v=5.1.3 HTTP/1.1" 304 -
::1 - - [25/Apr/2022:13:34:46 -0400] "GET /phpmyadmin/js/dist/shortcuts_handler.js?v=5.1.3 HTTP/1.1" 304 -
::1 - - [25/Apr/2022:13:34:46 -0400] "GET /phpmyadmin/js/dist/console.js?v=5.1.3 HTTP/1.1" 304 -
::1 - - [25/Apr/2022:13:34:46 -0400] "GET /phpmyadmin/themes/pmahomme/img/s_fulltext.png HTTP/1.1" 304 -
::1 - - [25/Apr/2022:13:34:46 -0400] "GET /phpmyadmin/themes/pmahomme/css/printview.css?v=5.1.3 HTTP/1.1" 304 -
::1 - - [25/Apr/2022:13:34:46 -0400] "GET /phpmyadmin/themes/pmahomme/img/arrow_ltr.png HTTP/1.1" 304 -
::1 - - [25/Apr/2022:13:34:46 -0400] "GET /phpmyadmin/themes/pmahomme/img/s_tbl.png HTTP/1.1" 304 -
::1 - - [25/Apr/2022:13:34:46 -0400] "GET /phpmyadmin/themes/pmahomme/img/s_success.png HTTP/1.1" 304 -
::1 - - [25/Apr/2022:13:34:46 -0400] "GET /phpmyadmin/themes/pmahomme/img/b_edit.png HTTP/1.1" 304 -
::1 - - [25/Apr/2022:13:34:46 -0400] "GET /phpmyadmin/themes/pmahomme/img/b_insrow.png HTTP/1.1" 304 -
::1 - - [25/Apr/2022:13:34:46 -0400] "GET /phpmyadmin/themes/pmahomme/img/b_print.png HTTP/1.1" 304 -
::1 - - [25/Apr/2022:13:34:46 -0400] "GET /phpmyadmin/themes/pmahomme/img/b_drop.png HTTP/1.1" 304 -
::1 - - [25/Apr/2022:13:34:46 -0400] "GET /phpmyadmin/themes/pmahomme/img/b_chart.png HTTP/1.1" 304 -
::1 - - [25/Apr/2022:13:34:46 -0400] "GET /phpmyadmin/themes/pmahomme/img/b_tblexport.png HTTP/1.1" 304 -
::1 - - [25/Apr/2022:13:34:46 -0400] "GET /phpmyadmin/themes/pmahomme/img/b_view_add.png HTTP/1.1" 304 -
::1 - - [25/Apr/2022:13:34:46 -0400] "GET /phpmyadmin/themes/pmahomme/img/col_pointer.png HTTP/1.1" 304 -
::1 - - [25/Apr/2022:13:34:46 -0400] "GET /phpmyadmin/themes/pmahomme/img/col_drop.png HTTP/1.1" 304 -
::1 - - [25/Apr/2022:13:34:46 -0400] "GET /phpmyadmin/index.php?route=/recent-table&ajax_request=1&recent_table=1&no_debug=true&_nocache=1650908086256837109&token=52424872565d53707a762f4f2d305e58 HTTP/1.1" 200 1580
::1 - - [25/Apr/2022:13:34:46 -0400] "POST /phpmyadmin/index.php?route=/config/get HTTP/1.1" 200 1525
::1 - - [25/Apr/2022:13:34:46 -0400] "POST /phpmyadmin/index.php?route=/navigation&ajax_request=1 HTTP/1.1" 200 2472
::1 - - [25/Apr/2022:13:34:46 -0400] "GET /phpmyadmin/themes/pmahomme/img/b_minus.png HTTP/1.1" 304 -
::1 - - [25/Apr/2022:13:34:46 -0400] "GET /phpmyadmin/themes/pmahomme/img/b_table_add.png HTTP/1.1" 304 -
::1 - - [25/Apr/2022:13:34:46 -0400] "POST /phpmyadmin/index.php?route=/config/get HTTP/1.1" 200 1615
::1 - - [25/Apr/2022:13:34:46 -0400] "POST /phpmyadmin/index.php?route=/config/set HTTP/1.1" 200 1516
::1 - - [25/Apr/2022:13:34:49 -0400] "GET /phpmyadmin/index.php?route=/sql&server=1&db=korby_store&table=publisher&pos=0&ajax_request=true&ajax_page_request=true&_nocache=1650908089310901425&token=52424872565d53707a762f4f2d305e58 HTTP/1.1" 200 6919
::1 - - [25/Apr/2022:13:34:49 -0400] "GET /phpmyadmin/index.php?route=/recent-table&ajax_request=1&recent_table=1&no_debug=true&_nocache=1650908089709996056&token=52424872565d53707a762f4f2d305e58 HTTP/1.1" 200 1580
::1 - - [25/Apr/2022:13:34:51 -0400] "GET /phpmyadmin/index.php?route=/sql&server=1&db=korby_store&table=publisher&pos=0&ajax_request=true&ajax_page_request=true&_nocache=1650908091440977372&token=52424872565d53707a762f4f2d305e58 HTTP/1.1" 200 6920
::1 - - [25/Apr/2022:13:34:51 -0400] "GET /phpmyadmin/index.php?route=/recent-table&ajax_request=1&recent_table=1&no_debug=true&_nocache=1650908091833371368&token=52424872565d53707a762f4f2d305e58 HTTP/1.1" 200 1580
::1 - - [25/Apr/2022:13:34:56 -0400] "GET /phpmyadmin/index.php?route=/sql&server=1&db=korby_store&table=purchase&pos=0&ajax_request=true&ajax_page_request=true&_nocache=1650908096654429885&token=52424872565d53707a762f4f2d305e58 HTTP/1.1" 200 4973
::1 - - [25/Apr/2022:13:34:57 -0400] "GET /phpmyadmin/index.php?route=/recent-table&ajax_request=1&recent_table=1&no_debug=true&_nocache=1650908097059745587&token=52424872565d53707a762f4f2d305e58 HTTP/1.1" 200 1595
::1 - - [25/Apr/2022:13:34:58 -0400] "GET /phpmyadmin/index.php?route=/sql&server=1&db=korby_store&table=publisher&pos=0&ajax_request=true&ajax_page_request=true&_nocache=1650908098929534418&token=52424872565d53707a762f4f2d305e58 HTTP/1.1" 200 6920
::1 - - [25/Apr/2022:13:34:59 -0400] "GET /phpmyadmin/index.php?route=/recent-table&ajax_request=1&recent_table=1&no_debug=true&_nocache=1650908099326957977&token=52424872565d53707a762f4f2d305e58 HTTP/1.1" 200 1595
::1 - - [25/Apr/2022:13:43:26 -0400] "POST /publish.php HTTP/1.1" 500 872
::1 - - [25/Apr/2022:13:43:26 -0400] "GET /style.css HTTP/1.1" 404 196
::1 - - [25/Apr/2022:13:43:29 -0400] "GET /publish.php HTTP/1.1" 500 872
::1 - - [25/Apr/2022:13:43:29 -0400] "GET /style.css HTTP/1.1" 404 196
::1 - - [25/Apr/2022:13:43:31 -0400] "GET /publish.php HTTP/1.1" 500 872
::1 - - [25/Apr/2022:13:43:31 -0400] "GET /style.css HTTP/1.1" 404 196
::1 - - [25/Apr/2022:13:43:44 -0400] "GET / HTTP/1.1" 200 383
::1 - - [25/Apr/2022:13:43:44 -0400] "GET /style.css HTTP/1.1" 404 196
::1 - - [25/Apr/2022:13:43:46 -0400] "GET /style.css HTTP/1.1" 404 196
::1 - - [25/Apr/2022:13:44:44 -0400] "-" 408 -
::1 - - [25/Apr/2022:13:47:37 -0400] "GET /publish.html HTTP/1.1" 304 -
::1 - - [25/Apr/2022:13:47:38 -0400] "GET /style.css HTTP/1.1" 404 196
::1 - - [25/Apr/2022:13:47:38 -0400] "GET /publish.html HTTP/1.1" 304 -
::1 - - [25/Apr/2022:13:47:39 -0400] "GET /style.css HTTP/1.1" 404 196
::1 - - [25/Apr/2022:13:47:42 -0400] "GET /style.css HTTP/1.1" 404 196
::1 - - [25/Apr/2022:13:47:48 -0400] "POST /publish.php HTTP/1.1" 500 -
::1 - - [25/Apr/2022:14:38:26 -0400] "POST /phpmyadmin/index.php?route=/ HTTP/1.1" 200 2411
::1 - - [25/Apr/2022:14:38:29 -0400] "GET /phpmyadmin/themes/pmahomme/img/logo_right.png HTTP/1.1" 304 -
::1 - - [25/Apr/2022:14:45:44 -0400] "POST /publish.php HTTP/1.1" 500 -
::1 - - [25/Apr/2022:14:45:47 -0400] "GET /style.css HTTP/1.1" 404 196
::1 - - [25/Apr/2022:14:45:53 -0400] "POST /publish.php HTTP/1.1" 500 -
::1 - - [25/Apr/2022:14:46:53 -0400] "-" 408 -
::1 - - [25/Apr/2022:14:49:14 -0400] "GET /publish.html HTTP/1.1" 200 765
::1 - - [25/Apr/2022:14:49:14 -0400] "GET /style.css HTTP/1.1" 404 196
::1 - - [25/Apr/2022:14:50:13 -0400] "-" 408 -
::1 - - [25/Apr/2022:14:54:03 -0400] "GET / HTTP/1.1" 200 407
::1 - - [25/Apr/2022:14:54:03 -0400] "GET /style.css HTTP/1.1" 404 196
::1 - - [25/Apr/2022:14:54:17 -0400] "GET / HTTP/1.1" 200 411
::1 - - [25/Apr/2022:14:54:17 -0400] "GET /style.css HTTP/1.1" 404 196
::1 - - [25/Apr/2022:14:54:25 -0400] "GET / HTTP/1.1" 200 411
::1 - - [25/Apr/2022:14:54:25 -0400] "GET /style.css HTTP/1.1" 404 196
::1 - - [25/Apr/2022:14:54:26 -0400] "GET / HTTP/1.1" 200 411
::1 - - [25/Apr/2022:14:54:26 -0400] "GET /style.css HTTP/1.1" 404 196
::1 - - [25/Apr/2022:14:54:31 -0400] "GET / HTTP/1.1" 200 413
::1 - - [25/Apr/2022:14:54:31 -0400] "GET /style.css HTTP/1.1" 404 196
::1 - - [25/Apr/2022:14:55:14 -0400] "GET / HTTP/1.1" 200 414
::1 - - [25/Apr/2022:14:55:14 -0400] "GET /style.css HTTP/1.1" 404 196
::1 - - [25/Apr/2022:14:55:17 -0400] "GET / HTTP/1.1" 200 414
::1 - - [25/Apr/2022:14:55:17 -0400] "GET /style.css HTTP/1.1" 404 196
::1 - - [25/Apr/2022:14:55:26 -0400] "GET / HTTP/1.1" 200 415
::1 - - [25/Apr/2022:14:55:26 -0400] "GET /style.css HTTP/1.1" 404 196
::1 - - [25/Apr/2022:14:56:26 -0400] "-" 408 -
::1 - - [25/Apr/2022:14:56:28 -0400] "GET / HTTP/1.1" 200 419
::1 - - [25/Apr/2022:14:56:28 -0400] "GET /style.css HTTP/1.1" 404 196
::1 - - [25/Apr/2022:14:57:28 -0400] "-" 408 -
::1 - - [25/Apr/2022:14:58:01 -0400] "GET / HTTP/1.1" 200 448
::1 - - [25/Apr/2022:14:58:01 -0400] "GET /style.css HTTP/1.1" 404 196
::1 - - [25/Apr/2022:14:58:30 -0400] "GET / HTTP/1.1" 200 483
::1 - - [25/Apr/2022:14:58:30 -0400] "GET /style.css HTTP/1.1" 404 196
::1 - - [25/Apr/2022:14:58:39 -0400] "GET / HTTP/1.1" 200 486
::1 - - [25/Apr/2022:14:58:39 -0400] "GET /style.css HTTP/1.1" 404 196
::1 - - [25/Apr/2022:14:59:39 -0400] "-" 408 -
::1 - - [25/Apr/2022:15:04:36 -0400] "GET /publish.html HTTP/1.1" 304 -
::1 - - [25/Apr/2022:15:04:36 -0400] "GET /style.css HTTP/1.1" 404 196
::1 - - [25/Apr/2022:15:04:48 -0400] "GET /publish.php?pub_id=00002&pub_name=Riot+Games HTTP/1.1" 500 -
::1 - - [25/Apr/2022:15:05:02 -0400] "POST /phpmyadmin/index.php?route=/ HTTP/1.1" 200 1577
::1 - - [25/Apr/2022:15:05:02 -0400] "GET /phpmyadmin/index.php?route=/recent-table&ajax_request=1&recent_table=1&no_debug=true&_nocache=1650913502107139083&token=56775a5a69324f7a347d53725d786549 HTTP/1.1" 200 1541
::1 - - [25/Apr/2022:15:05:11 -0400] "GET /publish.php?pub_id=00002&pub_name=Riot+Games HTTP/1.1" 500 -
::1 - - [25/Apr/2022:15:06:03 -0400] "GET / HTTP/1.1" 200 486
::1 - - [25/Apr/2022:15:06:03 -0400] "GET /style.css HTTP/1.1" 404 196
::1 - - [25/Apr/2022:15:06:05 -0400] "GET /style.css HTTP/1.1" 404 196
::1 - - [25/Apr/2022:15:06:09 -0400] "GET /publish.php?pub_id=00002&pub_name=Riot+Games HTTP/1.1" 500 -
::1 - - [25/Apr/2022:15:06:10 -0400] "GET /publish.php?pub_id=00002&pub_name=Riot+Games HTTP/1.1" 500 -
::1 - - [25/Apr/2022:15:07:10 -0400] "-" 408 -
::1 - - [25/Apr/2022:15:14:34 -0400] "GET / HTTP/1.1" 200 486
::1 - - [25/Apr/2022:15:14:34 -0400] "GET /style.css HTTP/1.1" 404 196
::1 - - [25/Apr/2022:15:14:35 -0400] "GET /publish.html HTTP/1.1" 304 -
::1 - - [25/Apr/2022:15:14:35 -0400] "GET /style.css HTTP/1.1" 404 196
::1 - - [25/Apr/2022:15:14:37 -0400] "GET /publish.php?pub_id=&pub_name= HTTP/1.1" 200 423
::1 - - [25/Apr/2022:15:15:14 -0400] "GET /publish.php?pub_id=00002&pub_name=Riot+Games HTTP/1.1" 200 421
::1 - - [25/Apr/2022:15:15:44 -0400] "-" 408 -
::1 - - [25/Apr/2022:15:17:38 -0400] "GET /publish.html HTTP/1.1" 304 -
::1 - - [25/Apr/2022:15:17:38 -0400] "GET /style.css HTTP/1.1" 404 196
::1 - - [25/Apr/2022:15:18:31 -0400] "-" 408 -
::1 - - [25/Apr/2022:15:19:12 -0400] "GET /publish.html HTTP/1.1" 200 1170
::1 - - [25/Apr/2022:15:19:12 -0400] "GET /style.css HTTP/1.1" 404 196
::1 - - [25/Apr/2022:15:19:20 -0400] "GET /publish.html HTTP/1.1" 200 1178
::1 - - [25/Apr/2022:15:19:21 -0400] "GET /style.css HTTP/1.1" 404 196
::1 - - [25/Apr/2022:15:19:33 -0400] "GET /publish.html HTTP/1.1" 200 869
::1 - - [25/Apr/2022:15:19:33 -0400] "GET /style.css HTTP/1.1" 404 196
::1 - - [25/Apr/2022:15:20:31 -0400] "GET /publish.html HTTP/1.1" 200 838
::1 - - [25/Apr/2022:15:20:31 -0400] "GET /style.css HTTP/1.1" 404 196
::1 - - [25/Apr/2022:15:20:52 -0400] "GET /publish.html HTTP/1.1" 200 847
::1 - - [25/Apr/2022:15:20:52 -0400] "GET /style.css HTTP/1.1" 404 196
::1 - - [25/Apr/2022:15:21:52 -0400] "-" 408 -
::1 - - [25/Apr/2022:15:22:52 -0400] "GET /publish.html HTTP/1.1" 200 929
::1 - - [25/Apr/2022:15:22:52 -0400] "GET /style.css HTTP/1.1" 404 196
::1 - - [25/Apr/2022:15:23:52 -0400] "-" 408 -
::1 - - [25/Apr/2022:15:25:21 -0400] "GET /publish.html HTTP/1.1" 200 1241
::1 - - [25/Apr/2022:15:25:21 -0400] "GET /style.css HTTP/1.1" 404 196
::1 - - [25/Apr/2022:15:25:36 -0400] "GET /publish.html HTTP/1.1" 200 1242
::1 - - [25/Apr/2022:15:25:36 -0400] "GET /style.css HTTP/1.1" 404 196
::1 - - [25/Apr/2022:15:48:43 -0400] "POST /phpmyadmin/index.php?route=/ HTTP/1.1" 200 2411
::1 - - [25/Apr/2022:15:53:57 -0400] "GET /publish.html HTTP/1.1" 200 1167
::1 - - [25/Apr/2022:15:53:57 -0400] "GET /style.css HTTP/1.1" 404 196
::1 - - [25/Apr/2022:15:54:07 -0400] "GET / HTTP/1.1" 200 486
::1 - - [25/Apr/2022:15:54:07 -0400] "GET /style.css HTTP/1.1" 404 196
::1 - - [25/Apr/2022:15:54:08 -0400] "GET /style.css HTTP/1.1" 404 196
::1 - - [25/Apr/2022:15:54:20 -0400] "GET / HTTP/1.1" 200 485
::1 - - [25/Apr/2022:15:54:20 -0400] "GET /style.css HTTP/1.1" 404 196
::1 - - [25/Apr/2022:15:54:21 -0400] "GET /publish.php HTTP/1.1" 200 783
::1 - - [25/Apr/2022:15:54:21 -0400] "GET /style.css HTTP/1.1" 404 196
::1 - - [25/Apr/2022:15:55:11 -0400] "GET /publish.php HTTP/1.1" 200 844
::1 - - [25/Apr/2022:15:55:11 -0400] "GET /style.css HTTP/1.1" 404 196
::1 - - [25/Apr/2022:15:56:11 -0400] "-" 408 -
::1 - - [25/Apr/2022:15:57:48 -0400] "GET /publish.php HTTP/1.1" 500 -
::1 - - [25/Apr/2022:15:57:50 -0400] "GET /publish.php HTTP/1.1" 500 -
::1 - - [25/Apr/2022:15:58:14 -0400] "GET /publish.php HTTP/1.1" 500 -
::1 - - [25/Apr/2022:15:58:22 -0400] "GET /publish.php HTTP/1.1" 500 -
::1 - - [25/Apr/2022:15:58:25 -0400] "GET / HTTP/1.1" 200 485
::1 - - [25/Apr/2022:15:58:25 -0400] "GET /style.css HTTP/1.1" 404 196
::1 - - [25/Apr/2022:15:58:25 -0400] "GET /publish.php HTTP/1.1" 500 -
::1 - - [25/Apr/2022:15:58:34 -0400] "GET /publish.php HTTP/1.1" 500 -
::1 - - [25/Apr/2022:15:58:35 -0400] "GET / HTTP/1.1" 200 485
::1 - - [25/Apr/2022:15:58:35 -0400] "GET /style.css HTTP/1.1" 404 196
::1 - - [25/Apr/2022:15:58:36 -0400] "GET /publish.php HTTP/1.1" 500 -
::1 - - [25/Apr/2022:15:59:34 -0400] "-" 408 -
::1 - - [25/Apr/2022:15:59:40 -0400] "GET /publish.php HTTP/1.1" 500 -
::1 - - [25/Apr/2022:15:59:41 -0400] "GET / HTTP/1.1" 200 485
::1 - - [25/Apr/2022:15:59:41 -0400] "GET /style.css HTTP/1.1" 404 196
::1 - - [25/Apr/2022:15:59:42 -0400] "GET /publish.php HTTP/1.1" 500 -
::1 - - [25/Apr/2022:16:00:19 -0400] "GET /publish.php HTTP/1.1" 200 853
::1 - - [25/Apr/2022:16:00:19 -0400] "GET /style.css HTTP/1.1" 404 196
::1 - - [25/Apr/2022:16:00:27 -0400] "GET /publish.php HTTP/1.1" 200 853
::1 - - [25/Apr/2022:16:00:27 -0400] "GET /style.css HTTP/1.1" 404 196
::1 - - [25/Apr/2022:16:00:28 -0400] "GET /publish.php HTTP/1.1" 200 853
::1 - - [25/Apr/2022:16:00:28 -0400] "GET /style.css HTTP/1.1" 404 196
::1 - - [25/Apr/2022:16:00:41 -0400] "GET /publish.php HTTP/1.1" 500 -
::1 - - [25/Apr/2022:16:00:53 -0400] "GET /publish.php HTTP/1.1" 500 -
::1 - - [25/Apr/2022:16:01:42 -0400] "-" 408 -
::1 - - [25/Apr/2022:16:03:48 -0400] "GET /publish.php HTTP/1.1" 200 903
::1 - - [25/Apr/2022:16:03:48 -0400] "GET /style.css HTTP/1.1" 404 196
::1 - - [25/Apr/2022:16:04:03 -0400] "GET /publish.php HTTP/1.1" 200 878
::1 - - [25/Apr/2022:16:04:03 -0400] "GET /style.css HTTP/1.1" 404 196
::1 - - [25/Apr/2022:16:05:03 -0400] "-" 408 -
::1 - - [25/Apr/2022:16:09:33 -0400] "GET /publish.php HTTP/1.1" 500 -
::1 - - [25/Apr/2022:16:09:38 -0400] "GET /publish.php HTTP/1.1" 500 -
::1 - - [25/Apr/2022:16:10:35 -0400] "-" 408 -
::1 - - [25/Apr/2022:16:10:38 -0400] "GET /publish.php HTTP/1.1" 500 -
::1 - - [25/Apr/2022:16:10:38 -0400] "GET /publish.php HTTP/1.1" 500 -
::1 - - [25/Apr/2022:16:11:06 -0400] "GET /publish.php HTTP/1.1" 500 -
::1 - - [25/Apr/2022:16:11:37 -0400] "GET /publish.php HTTP/1.1" 200 916
::1 - - [25/Apr/2022:16:11:38 -0400] "GET /style.css HTTP/1.1" 404 196
::1 - - [25/Apr/2022:16:12:37 -0400] "-" 408 -
::1 - - [25/Apr/2022:16:15:23 -0400] "GET /publish.php HTTP/1.1" 500 -
::1 - - [25/Apr/2022:16:16:23 -0400] "-" 408 -
::1 - - [25/Apr/2022:16:16:24 -0400] "-" 408 -
::1 - - [25/Apr/2022:16:17:32 -0400] "GET /publish.php HTTP/1.1" 200 925
::1 - - [25/Apr/2022:16:17:32 -0400] "GET /style.css HTTP/1.1" 404 196
::1 - - [25/Apr/2022:16:17:54 -0400] "GET /publish.php HTTP/1.1" 200 1168
::1 - - [25/Apr/2022:16:17:54 -0400] "GET /style.css HTTP/1.1" 404 196
::1 - - [25/Apr/2022:16:18:08 -0400] "GET /publish.php HTTP/1.1" 200 1312
::1 - - [25/Apr/2022:16:18:08 -0400] "GET /style.css HTTP/1.1" 404 196
::1 - - [25/Apr/2022:16:18:59 -0400] "GET /publish.php HTTP/1.1" 200 1312
::1 - - [25/Apr/2022:16:18:59 -0400] "GET /style.css HTTP/1.1" 404 196
::1 - - [25/Apr/2022:16:19:12 -0400] "GET /publish.php HTTP/1.1" 200 1312
::1 - - [25/Apr/2022:16:19:12 -0400] "GET /style.css HTTP/1.1" 404 196
::1 - - [25/Apr/2022:16:20:12 -0400] "-" 408 -
::1 - - [25/Apr/2022:16:21:16 -0400] "GET /publish.php HTTP/1.1" 200 1168
::1 - - [25/Apr/2022:16:21:16 -0400] "GET /style.css HTTP/1.1" 404 196
::1 - - [25/Apr/2022:16:21:55 -0400] "GET /publish.php HTTP/1.1" 200 964
::1 - - [25/Apr/2022:16:21:55 -0400] "GET /style.css HTTP/1.1" 404 196
::1 - - [25/Apr/2022:16:22:55 -0400] "-" 408 -
::1 - - [25/Apr/2022:16:23:03 -0400] "GET /publish.php HTTP/1.1" 200 968
::1 - - [25/Apr/2022:16:23:03 -0400] "GET /style.css HTTP/1.1" 404 196
::1 - - [25/Apr/2022:16:23:45 -0400] "GET /publish.php HTTP/1.1" 200 968
::1 - - [25/Apr/2022:16:23:45 -0400] "GET /style.css HTTP/1.1" 404 196
::1 - - [25/Apr/2022:16:24:31 -0400] "-" 408 -
::1 - - [25/Apr/2022:16:26:21 -0400] "GET /publish.php HTTP/1.1" 200 1453
::1 - - [25/Apr/2022:16:26:21 -0400] "GET /style.css HTTP/1.1" 404 196
::1 - - [25/Apr/2022:16:26:33 -0400] "GET /publish.php HTTP/1.1" 200 1453
::1 - - [25/Apr/2022:16:26:33 -0400] "GET /style.css HTTP/1.1" 404 196
::1 - - [25/Apr/2022:16:27:33 -0400] "-" 408 -
::1 - - [25/Apr/2022:16:27:59 -0400] "GET /publish.php HTTP/1.1" 200 1221
::1 - - [25/Apr/2022:16:27:59 -0400] "GET /style.css HTTP/1.1" 404 196
::1 - - [25/Apr/2022:16:28:28 -0400] "GET /publish.php HTTP/1.1" 200 1741
::1 - - [25/Apr/2022:16:28:28 -0400] "GET /style.css HTTP/1.1" 404 196
::1 - - [25/Apr/2022:16:29:28 -0400] "GET / HTTP/1.1" 200 485
::1 - - [25/Apr/2022:16:29:28 -0400] "GET /style.css HTTP/1.1" 404 196
::1 - - [25/Apr/2022:16:29:28 -0400] "GET / HTTP/1.1" 200 485
::1 - - [25/Apr/2022:16:29:28 -0400] "GET /style.css HTTP/1.1" 404 196
::1 - - [25/Apr/2022:16:29:31 -0400] "GET / HTTP/1.1" 200 485
::1 - - [25/Apr/2022:16:29:31 -0400] "GET /style.css HTTP/1.1" 404 196
::1 - - [25/Apr/2022:16:29:39 -0400] "GET /publish.php HTTP/1.1" 200 1741
::1 - - [25/Apr/2022:16:29:39 -0400] "GET /style.css HTTP/1.1" 404 196
::1 - - [25/Apr/2022:16:29:48 -0400] "GET /publish.php HTTP/1.1" 200 1221
::1 - - [25/Apr/2022:16:29:48 -0400] "GET /style.css HTTP/1.1" 404 196
::1 - - [25/Apr/2022:16:30:04 -0400] "GET /publish.php HTTP/1.1" 200 1706
::1 - - [25/Apr/2022:16:30:04 -0400] "GET /style.css HTTP/1.1" 404 196
::1 - - [25/Apr/2022:16:30:14 -0400] "GET /publish.php HTTP/1.1" 200 968
::1 - - [25/Apr/2022:16:30:14 -0400] "GET /style.css HTTP/1.1" 404 196
::1 - - [25/Apr/2022:16:31:14 -0400] "-" 408 -
::1 - - [25/Apr/2022:16:31:19 -0400] "GET /publish.php HTTP/1.1" 200 968
::1 - - [25/Apr/2022:16:31:19 -0400] "GET /style.css HTTP/1.1" 404 196
::1 - - [25/Apr/2022:16:32:19 -0400] "-" 408 -
::1 - - [25/Apr/2022:16:35:01 -0400] "GET /pubadd.php?pub_id=00002&pub_name=Riot+Games HTTP/1.1" 200 56
::1 - - [25/Apr/2022:16:35:23 -0400] "GET /pubadd.php?pub_id=00002&pub_name=Riot+Games HTTP/1.1" 200 56
::1 - - [25/Apr/2022:16:36:23 -0400] "-" 408 -
::1 - - [25/Apr/2022:16:36:28 -0400] "GET /pubadd.php?pub_id=00002&pub_name=Riot+Games HTTP/1.1" 200 76
::1 - - [25/Apr/2022:16:36:46 -0400] "GET /pubadd.php?pub_id=00002&pub_name=Riot+Games HTTP/1.1" 200 66
::1 - - [25/Apr/2022:16:37:12 -0400] "GET /pubadd.php?pub_id=00002&pub_name=Riot+Games HTTP/1.1" 200 75
::1 - - [25/Apr/2022:16:38:12 -0400] "-" 408 -
::1 - - [25/Apr/2022:16:39:11 -0400] "GET /pubadd.php?pub_id=00002&pub_name=Riot+Games HTTP/1.1" 200 491
::1 - - [25/Apr/2022:16:40:00 -0400] "-" 408 -
::1 - - [25/Apr/2022:16:40:01 -0400] "GET /pubadd.php?pub_id=00002&pub_name=Riot+Games HTTP/1.1" 200 75
::1 - - [25/Apr/2022:16:40:09 -0400] "POST /phpmyadmin/index.php?route=/ HTTP/1.1" 200 1575
::1 - - [25/Apr/2022:16:40:09 -0400] "GET /phpmyadmin/index.php?route=/recent-table&ajax_request=1&recent_table=1&no_debug=true&_nocache=1650919209204744712&token=6c3a6e68346231222c256c5525336f5d HTTP/1.1" 200 1541
::1 - - [25/Apr/2022:16:40:14 -0400] "GET /phpmyadmin/index.php?route=/sql&server=1&db=korby_store&table=publisher&pos=0 HTTP/1.1" 200 14129
::1 - - [25/Apr/2022:16:40:14 -0400] "GET /phpmyadmin/themes/pmahomme/css/theme.css?v=5.1.3&nocache=-318766171ltr&server=1 HTTP/1.1" 200 216144
::1 - - [25/Apr/2022:16:40:14 -0400] "GET /phpmyadmin/js/vendor/codemirror/lib/codemirror.css?v=5.1.3 HTTP/1.1" 304 -
::1 - - [25/Apr/2022:16:40:14 -0400] "GET /phpmyadmin/js/vendor/codemirror/addon/hint/show-hint.css?v=5.1.3 HTTP/1.1" 304 -
::1 - - [25/Apr/2022:16:40:14 -0400] "GET /phpmyadmin/js/vendor/codemirror/addon/lint/lint.css?v=5.1.3 HTTP/1.1" 304 -
::1 - - [25/Apr/2022:16:40:14 -0400] "GET /phpmyadmin/js/vendor/sprintf.js?v=5.1.3 HTTP/1.1" 304 -
::1 - - [25/Apr/2022:16:40:14 -0400] "GET /phpmyadmin/js/dist/ajax.js?v=5.1.3 HTTP/1.1" 304 -
::1 - - [25/Apr/2022:16:40:14 -0400] "GET /phpmyadmin/js/dist/keyhandler.js?v=5.1.3 HTTP/1.1" 304 -
::1 - - [25/Apr/2022:16:40:14 -0400] "GET /phpmyadmin/js/vendor/jquery/jquery-migrate.js?v=5.1.3 HTTP/1.1" 304 -
::1 - - [25/Apr/2022:16:40:14 -0400] "GET /phpmyadmin/js/vendor/jquery/jquery.min.js?v=5.1.3 HTTP/1.1" 304 -
::1 - - [25/Apr/2022:16:40:14 -0400] "GET /phpmyadmin/js/vendor/bootstrap/bootstrap.bundle.min.js?v=5.1.3 HTTP/1.1" 304 -
::1 - - [25/Apr/2022:16:40:14 -0400] "GET /phpmyadmin/js/vendor/js.cookie.js?v=5.1.3 HTTP/1.1" 304 -
::1 - - [25/Apr/2022:16:40:14 -0400] "GET /phpmyadmin/js/vendor/jquery/jquery-ui.min.js?v=5.1.3 HTTP/1.1" 304 -
::1 - - [25/Apr/2022:16:40:14 -0400] "GET /phpmyadmin/js/vendor/jquery/jquery.mousewheel.js?v=5.1.3 HTTP/1.1" 304 -
::1 - - [25/Apr/2022:16:40:14 -0400] "GET /phpmyadmin/js/vendor/jquery/jquery.validate.js?v=5.1.3 HTTP/1.1" 304 -
::1 - - [25/Apr/2022:16:40:14 -0400] "GET /phpmyadmin/js/vendor/jquery/jquery-ui-timepicker-addon.js?v=5.1.3 HTTP/1.1" 304 -
::1 - - [25/Apr/2022:16:40:14 -0400] "GET /phpmyadmin/js/vendor/jquery/jquery.debounce-1.0.6.js?v=5.1.3 HTTP/1.1" 304 -
::1 - - [25/Apr/2022:16:40:14 -0400] "GET /phpmyadmin/js/vendor/jquery/jquery.ba-hashchange-2.0.js?v=5.1.3 HTTP/1.1" 304 -
::1 - - [25/Apr/2022:16:40:14 -0400] "GET /phpmyadmin/js/dist/menu_resizer.js?v=5.1.3 HTTP/1.1" 304 -
::1 - - [25/Apr/2022:16:40:14 -0400] "GET /phpmyadmin/js/dist/cross_framing_protection.js?v=5.1.3 HTTP/1.1" 304 -
::1 - - [25/Apr/2022:16:40:14 -0400] "GET /phpmyadmin/js/dist/rte.js?v=5.1.3 HTTP/1.1" 304 -
::1 - - [25/Apr/2022:16:40:14 -0400] "GET /phpmyadmin/js/dist/config.js?v=5.1.3 HTTP/1.1" 304 -
::1 - - [25/Apr/2022:16:40:14 -0400] "GET /phpmyadmin/js/dist/functions.js?v=5.1.3 HTTP/1.1" 304 -
::1 - - [25/Apr/2022:16:40:14 -0400] "GET /phpmyadmin/js/dist/doclinks.js?v=5.1.3 HTTP/1.1" 304 -
::1 - - [25/Apr/2022:16:40:14 -0400] "GET /phpmyadmin/js/dist/navigation.js?v=5.1.3 HTTP/1.1" 304 -
::1 - - [25/Apr/2022:16:40:14 -0400] "GET /phpmyadmin/js/dist/indexes.js?v=5.1.3 HTTP/1.1" 304 -
::1 - - [25/Apr/2022:16:40:14 -0400] "GET /phpmyadmin/js/dist/common.js?v=5.1.3 HTTP/1.1" 304 -
::1 - - [25/Apr/2022:16:40:14 -0400] "GET /phpmyadmin/js/vendor/stickyfill.min.js?v=5.1.3 HTTP/1.1" 304 -
::1 - - [25/Apr/2022:16:40:14 -0400] "GET /phpmyadmin/js/dist/table/change.js?v=5.1.3 HTTP/1.1" 304 -
::1 - - [25/Apr/2022:16:40:14 -0400] "GET /phpmyadmin/js/dist/page_settings.js?v=5.1.3 HTTP/1.1" 304 -
::1 - - [25/Apr/2022:16:40:14 -0400] "GET /phpmyadmin/js/vendor/jquery/jquery.uitablefilter.js?v=5.1.3 HTTP/1.1" 304 -
::1 - - [25/Apr/2022:16:40:14 -0400] "GET /phpmyadmin/js/dist/multi_column_sort.js?v=5.1.3 HTTP/1.1" 304 -
::1 - - [25/Apr/2022:16:40:14 -0400] "GET /phpmyadmin/js/dist/makegrid.js?v=5.1.3 HTTP/1.1" 304 -
::1 - - [25/Apr/2022:16:40:14 -0400] "GET /phpmyadmin/js/dist/gis_data_editor.js?v=5.1.3 HTTP/1.1" 304 -
::1 - - [25/Apr/2022:16:40:14 -0400] "GET /phpmyadmin/js/dist/sql.js?v=5.1.3 HTTP/1.1" 304 -
::1 - - [25/Apr/2022:16:40:14 -0400] "GET /phpmyadmin/js/vendor/codemirror/lib/codemirror.js?v=5.1.3 HTTP/1.1" 304 -
::1 - - [25/Apr/2022:16:40:14 -0400] "GET /phpmyadmin/js/vendor/codemirror/mode/sql/sql.js?v=5.1.3 HTTP/1.1" 304 -
::1 - - [25/Apr/2022:16:40:14 -0400] "GET /phpmyadmin/js/vendor/codemirror/addon/hint/show-hint.js?v=5.1.3 HTTP/1.1" 304 -
::1 - - [25/Apr/2022:16:40:14 -0400] "GET /phpmyadmin/js/vendor/codemirror/addon/hint/sql-hint.js?v=5.1.3 HTTP/1.1" 304 -
::1 - - [25/Apr/2022:16:40:14 -0400] "GET /phpmyadmin/js/vendor/codemirror/addon/runmode/runmode.js?v=5.1.3 HTTP/1.1" 304 -
::1 - - [25/Apr/2022:16:40:14 -0400] "GET /phpmyadmin/js/vendor/codemirror/addon/lint/lint.js?v=5.1.3 HTTP/1.1" 304 -
::1 - - [25/Apr/2022:16:40:14 -0400] "GET /phpmyadmin/js/dist/codemirror/addon/lint/sql-lint.js?v=5.1.3 HTTP/1.1" 304 -
::1 - - [25/Apr/2022:16:40:14 -0400] "GET /phpmyadmin/js/vendor/tracekit.js?v=5.1.3 HTTP/1.1" 304 -
::1 - - [25/Apr/2022:16:40:14 -0400] "GET /phpmyadmin/js/dist/error_report.js?v=5.1.3 HTTP/1.1" 304 -
::1 - - [25/Apr/2022:16:40:14 -0400] "GET /phpmyadmin/js/dist/drag_drop_import.js?v=5.1.3 HTTP/1.1" 304 -
::1 - - [25/Apr/2022:16:40:14 -0400] "GET /phpmyadmin/js/dist/shortcuts_handler.js?v=5.1.3 HTTP/1.1" 304 -
::1 - - [25/Apr/2022:16:40:14 -0400] "GET /phpmyadmin/js/dist/console.js?v=5.1.3 HTTP/1.1" 304 -
::1 - - [25/Apr/2022:16:40:14 -0400] "GET /phpmyadmin/themes/pmahomme/img/s_fulltext.png HTTP/1.1" 304 -
::1 - - [25/Apr/2022:16:40:14 -0400] "GET /phpmyadmin/js/messages.php?l=en&v=5.1.3 HTTP/1.1" 200 7921
::1 - - [25/Apr/2022:16:40:14 -0400] "GET /phpmyadmin/themes/pmahomme/img/arrow_ltr.png HTTP/1.1" 304 -
::1 - - [25/Apr/2022:16:40:14 -0400] "GET /phpmyadmin/themes/pmahomme/css/printview.css?v=5.1.3 HTTP/1.1" 304 -
::1 - - [25/Apr/2022:16:40:15 -0400] "GET /phpmyadmin/themes/pmahomme/img/s_tbl.png HTTP/1.1" 304 -
::1 - - [25/Apr/2022:16:40:15 -0400] "GET /phpmyadmin/themes/pmahomme/img/s_success.png HTTP/1.1" 304 -
::1 - - [25/Apr/2022:16:40:15 -0400] "GET /phpmyadmin/themes/pmahomme/img/b_insrow.png HTTP/1.1" 304 -
::1 - - [25/Apr/2022:16:40:15 -0400] "GET /phpmyadmin/themes/pmahomme/img/b_edit.png HTTP/1.1" 304 -
::1 - - [25/Apr/2022:16:40:15 -0400] "GET /phpmyadmin/themes/pmahomme/img/b_drop.png HTTP/1.1" 304 -
::1 - - [25/Apr/2022:16:40:15 -0400] "GET /phpmyadmin/themes/pmahomme/img/b_tblexport.png HTTP/1.1" 304 -
::1 - - [25/Apr/2022:16:40:15 -0400] "GET /phpmyadmin/themes/pmahomme/img/b_chart.png HTTP/1.1" 304 -
::1 - - [25/Apr/2022:16:40:15 -0400] "GET /phpmyadmin/themes/pmahomme/img/b_view_add.png HTTP/1.1" 304 -
::1 - - [25/Apr/2022:16:40:15 -0400] "GET /phpmyadmin/themes/pmahomme/img/b_print.png HTTP/1.1" 304 -
::1 - - [25/Apr/2022:16:40:15 -0400] "GET /phpmyadmin/themes/pmahomme/img/col_drop.png HTTP/1.1" 304 -
::1 - - [25/Apr/2022:16:40:15 -0400] "GET /phpmyadmin/themes/pmahomme/img/col_pointer.png HTTP/1.1" 304 -
::1 - - [25/Apr/2022:16:40:15 -0400] "POST /phpmyadmin/index.php?route=/navigation&ajax_request=1 HTTP/1.1" 200 2092
::1 - - [25/Apr/2022:16:40:15 -0400] "POST /phpmyadmin/index.php?route=/config/get HTTP/1.1" 200 1523
::1 - - [25/Apr/2022:16:40:15 -0400] "POST /phpmyadmin/index.php?route=/config/get HTTP/1.1" 200 1613
::1 - - [25/Apr/2022:16:40:15 -0400] "GET /phpmyadmin/index.php?route=/recent-table&ajax_request=1&recent_table=1&no_debug=true&_nocache=1650919215095611257&token=6c3a6e68346231222c256c5525336f5d HTTP/1.1" 200 1579
::1 - - [25/Apr/2022:16:40:15 -0400] "POST /phpmyadmin/index.php?route=/navigation&ajax_request=1 HTTP/1.1" 200 2061
::1 - - [25/Apr/2022:16:40:15 -0400] "GET /phpmyadmin/themes/pmahomme/img/b_table_add.png HTTP/1.1" 304 -
::1 - - [25/Apr/2022:16:40:15 -0400] "GET /phpmyadmin/themes/pmahomme/img/b_minus.png HTTP/1.1" 304 -
::1 - - [25/Apr/2022:16:40:15 -0400] "POST /phpmyadmin/index.php?route=/config/set HTTP/1.1" 200 1514
::1 - - [25/Apr/2022:16:40:46 -0400] "GET /publish.php HTTP/1.1" 200 1009
::1 - - [25/Apr/2022:16:40:46 -0400] "GET /style.css HTTP/1.1" 404 196
::1 - - [25/Apr/2022:16:41:44 -0400] "-" 408 -
::1 - - [25/Apr/2022:16:42:47 -0400] "GET /phpmyadmin/index.php?route=/sql&server=1&db=korby_store&table=customer&pos=0&ajax_request=true&ajax_page_request=true&_nocache=1650919367913989788&token=6c3a6e68346231222c256c5525336f5d HTTP/1.1" 200 4925
::1 - - [25/Apr/2022:16:42:48 -0400] "GET /phpmyadmin/index.php?route=/recent-table&ajax_request=1&recent_table=1&no_debug=true&_nocache=1650919368109129288&token=6c3a6e68346231222c256c5525336f5d HTTP/1.1" 200 1592
::1 - - [25/Apr/2022:16:42:49 -0400] "GET /phpmyadmin/index.php?route=/sql&server=1&db=korby_store&table=employee&pos=0&ajax_request=true&ajax_page_request=true&_nocache=1650919369436370396&token=6c3a6e68346231222c256c5525336f5d HTTP/1.1" 200 4938
::1 - - [25/Apr/2022:16:42:49 -0400] "GET /phpmyadmin/index.php?route=/recent-table&ajax_request=1&recent_table=1&no_debug=true&_nocache=1650919369645904527&token=6c3a6e68346231222c256c5525336f5d HTTP/1.1" 200 1605
::1 - - [25/Apr/2022:16:42:50 -0400] "GET /phpmyadmin/index.php?route=/sql&server=1&db=korby_store&table=game&pos=0&ajax_request=true&ajax_page_request=true&_nocache=1650919370647511508&token=6c3a6e68346231222c256c5525336f5d HTTP/1.1" 200 4960
::1 - - [25/Apr/2022:16:42:50 -0400] "GET /phpmyadmin/index.php?route=/recent-table&ajax_request=1&recent_table=1&no_debug=true&_nocache=1650919370852569575&token=6c3a6e68346231222c256c5525336f5d HTTP/1.1" 200 1613
::1 - - [25/Apr/2022:16:42:59 -0400] "GET /phpmyadmin/index.php?route=/sql&server=1&db=korby_store&table=publisher&pos=0&ajax_request=true&ajax_page_request=true&_nocache=165091937916031134&token=6c3a6e68346231222c256c5525336f5d HTTP/1.1" 200 7475
::1 - - [25/Apr/2022:16:42:59 -0400] "GET /phpmyadmin/index.php?route=/recent-table&ajax_request=1&recent_table=1&no_debug=true&_nocache=165091937934861087&token=6c3a6e68346231222c256c5525336f5d HTTP/1.1" 200 1613
::1 - - [25/Apr/2022:16:43:00 -0400] "GET /phpmyadmin/index.php?route=/sql&server=1&db=korby_store&table=purchase&pos=0&ajax_request=true&ajax_page_request=true&_nocache=1650919380287667166&token=6c3a6e68346231222c256c5525336f5d HTTP/1.1" 200 4973
::1 - - [25/Apr/2022:16:43:00 -0400] "GET /phpmyadmin/index.php?route=/recent-table&ajax_request=1&recent_table=1&no_debug=true&_nocache=1650919380491481892&token=6c3a6e68346231222c256c5525336f5d HTTP/1.1" 200 1624
