PHP Warning:  PHP Startup: Unable to load dynamic library 'php_curl.dll' (tried: D:/Development/VideoGameStore/usbwebserver\\php\\ext\\php_curl.dll (The specified module could not be found), D:/Development/VideoGameStore/usbwebserver\\php\\ext\\php_php_curl.dll.dll (The specified module could not be found)) in Unknown on line 0
PHP Warning:  PHP Startup: Unable to load dynamic library 'php_gd2.dll' (tried: D:/Development/VideoGameStore/usbwebserver\\php\\ext\\php_gd2.dll (The specified module could not be found), D:/Development/VideoGameStore/usbwebserver\\php\\ext\\php_php_gd2.dll.dll (The specified module could not be found)) in Unknown on line 0
PHP Warning:  PHP Startup: Unable to load dynamic library 'php_pdo_pgsql.dll' (tried: D:/Development/VideoGameStore/usbwebserver\\php\\ext\\php_pdo_pgsql.dll (The operating system cannot run %1), D:/Development/VideoGameStore/usbwebserver\\php\\ext\\php_php_pdo_pgsql.dll.dll (The specified module could not be found)) in Unknown on line 0
PHP Warning:  PHP Startup: Unable to load dynamic library 'php_pdo_sqlite.dll' (tried: D:/Development/VideoGameStore/usbwebserver\\php\\ext\\php_pdo_sqlite.dll (The specified module could not be found), D:/Development/VideoGameStore/usbwebserver\\php\\ext\\php_php_pdo_sqlite.dll.dll (The specified module could not be found)) in Unknown on line 0
PHP Warning:  PHP Startup: Unable to load dynamic library 'php_sqlite3.dll' (tried: D:/Development/VideoGameStore/usbwebserver\\php\\ext\\php_sqlite3.dll (The specified module could not be found), D:/Development/VideoGameStore/usbwebserver\\php\\ext\\php_php_sqlite3.dll.dll (The specified module could not be found)) in Unknown on line 0
[Mon Apr 25 13:06:48.024863 2022] [mpm_winnt:notice] [pid 17692:tid 684] AH00455: Apache/2.4.52 (Win32) PHP/8.1.3 configured -- resuming normal operations
[Mon Apr 25 13:06:48.024863 2022] [mpm_winnt:notice] [pid 17692:tid 684] AH00456: Server built: Dec 17 2021 15:03:08
[Mon Apr 25 13:06:48.024863 2022] [core:notice] [pid 17692:tid 684] AH00094: Command line: 'D:\\Development\\VideoGameStore\\usbwebserver/apache2/bin/httpd_usbwv8.exe -d D:/Development/VideoGameStore/usbwebserver/apache2'
[Mon Apr 25 13:06:48.029003 2022] [mpm_winnt:notice] [pid 17692:tid 684] AH00418: Parent: Created child process 18828
PHP Warning:  PHP Startup: Unable to load dynamic library 'php_curl.dll' (tried: D:/Development/VideoGameStore/usbwebserver\\php\\ext\\php_curl.dll (The specified module could not be found), D:/Development/VideoGameStore/usbwebserver\\php\\ext\\php_php_curl.dll.dll (The specified module could not be found)) in Unknown on line 0
PHP Warning:  PHP Startup: Unable to load dynamic library 'php_gd2.dll' (tried: D:/Development/VideoGameStore/usbwebserver\\php\\ext\\php_gd2.dll (The specified module could not be found), D:/Development/VideoGameStore/usbwebserver\\php\\ext\\php_php_gd2.dll.dll (The specified module could not be found)) in Unknown on line 0
PHP Warning:  PHP Startup: Unable to load dynamic library 'php_pdo_pgsql.dll' (tried: D:/Development/VideoGameStore/usbwebserver\\php\\ext\\php_pdo_pgsql.dll (The operating system cannot run %1), D:/Development/VideoGameStore/usbwebserver\\php\\ext\\php_php_pdo_pgsql.dll.dll (The specified module could not be found)) in Unknown on line 0
PHP Warning:  PHP Startup: Unable to load dynamic library 'php_pdo_sqlite.dll' (tried: D:/Development/VideoGameStore/usbwebserver\\php\\ext\\php_pdo_sqlite.dll (The specified module could not be found), D:/Development/VideoGameStore/usbwebserver\\php\\ext\\php_php_pdo_sqlite.dll.dll (The specified module could not be found)) in Unknown on line 0
PHP Warning:  PHP Startup: Unable to load dynamic library 'php_sqlite3.dll' (tried: D:/Development/VideoGameStore/usbwebserver\\php\\ext\\php_sqlite3.dll (The specified module could not be found), D:/Development/VideoGameStore/usbwebserver\\php\\ext\\php_php_sqlite3.dll.dll (The specified module could not be found)) in Unknown on line 0
[Mon Apr 25 13:06:48.492422 2022] [mpm_winnt:notice] [pid 18828:tid 732] AH00354: Child: Starting 64 worker threads.
[Mon Apr 25 13:22:15.984895 2022] [php:error] [pid 18828:tid 1204] [client ::1:54188] PHP Fatal error:  Uncaught mysqli_sql_exception: Unknown error 1045 in D:\\Development\\VideoGameStore\\usbwebserver\\root\\publish.php:5\nStack trace:\n#0 D:\\Development\\VideoGameStore\\usbwebserver\\root\\publish.php(5): mysqli_connect('localhost', 'root', '', 'korby_store')\n#1 {main}\n  thrown in D:\\Development\\VideoGameStore\\usbwebserver\\root\\publish.php on line 5, referer: http://localhost/publish.html
[Mon Apr 25 13:25:52.287783 2022] [php:error] [pid 18828:tid 1212] [client ::1:54226] PHP Fatal error:  Uncaught mysqli_sql_exception: Unknown error 1045 in D:\\Development\\VideoGameStore\\usbwebserver\\root\\publish.php:5\nStack trace:\n#0 D:\\Development\\VideoGameStore\\usbwebserver\\root\\publish.php(5): mysqli_connect('localhost', 'root', '', 'korby_store')\n#1 {main}\n  thrown in D:\\Development\\VideoGameStore\\usbwebserver\\root\\publish.php on line 5, referer: http://localhost/
[Mon Apr 25 13:32:08.453419 2022] [php:error] [pid 18828:tid 1212] [client ::1:54316] PHP Fatal error:  Uncaught Error: Class "mysqli_connect" not found in D:\\Development\\VideoGameStore\\usbwebserver\\root\\publish.php:18\nStack trace:\n#0 {main}\n  thrown in D:\\Development\\VideoGameStore\\usbwebserver\\root\\publish.php on line 18, referer: http://localhost/
[Mon Apr 25 13:32:14.595358 2022] [php:error] [pid 18828:tid 1212] [client ::1:54319] PHP Fatal error:  Uncaught Error: Class "mysqli_connect" not found in D:\\Development\\VideoGameStore\\usbwebserver\\root\\publish.php:18\nStack trace:\n#0 {main}\n  thrown in D:\\Development\\VideoGameStore\\usbwebserver\\root\\publish.php on line 18, referer: http://localhost/
[Mon Apr 25 13:32:59.008418 2022] [php:error] [pid 18828:tid 1240] [client ::1:54325] PHP Fatal error:  Uncaught Error: Class "mysqli_connect" not found in D:\\Development\\VideoGameStore\\usbwebserver\\root\\publish.php:36\nStack trace:\n#0 {main}\n  thrown in D:\\Development\\VideoGameStore\\usbwebserver\\root\\publish.php on line 36, referer: http://localhost/
[Mon Apr 25 13:33:55.897629 2022] [php:error] [pid 18828:tid 1212] [client ::1:54333] PHP Fatal error:  Uncaught Error: Class "mysqli_connect" not found in D:\\Development\\VideoGameStore\\usbwebserver\\root\\publish.php:36\nStack trace:\n#0 {main}\n  thrown in D:\\Development\\VideoGameStore\\usbwebserver\\root\\publish.php on line 36, referer: http://localhost/
[Mon Apr 25 13:34:00.133274 2022] [php:error] [pid 18828:tid 1240] [client ::1:54334] PHP Fatal error:  Uncaught Error: Class "mysqli_connect" not found in D:\\Development\\VideoGameStore\\usbwebserver\\root\\publish.php:36\nStack trace:\n#0 {main}\n  thrown in D:\\Development\\VideoGameStore\\usbwebserver\\root\\publish.php on line 36, referer: http://localhost/
[Mon Apr 25 13:34:35.881937 2022] [php:error] [pid 18828:tid 1212] [client ::1:54346] PHP Fatal error:  Uncaught Error: Class "mysqli_connect" not found in D:\\Development\\VideoGameStore\\usbwebserver\\root\\publish.php:36\nStack trace:\n#0 {main}\n  thrown in D:\\Development\\VideoGameStore\\usbwebserver\\root\\publish.php on line 36, referer: http://localhost/publish.php
[Mon Apr 25 13:43:26.091876 2022] [php:error] [pid 18828:tid 1236] [client ::1:54477] PHP Fatal error:  Uncaught Error: Call to undefined function mysql_select_db() in D:\\Development\\VideoGameStore\\usbwebserver\\root\\publish.php:41\nStack trace:\n#0 {main}\n  thrown in D:\\Development\\VideoGameStore\\usbwebserver\\root\\publish.php on line 41, referer: http://localhost/publish.php
[Mon Apr 25 13:43:29.815177 2022] [php:error] [pid 18828:tid 1220] [client ::1:54478] PHP Fatal error:  Uncaught Error: Call to undefined function mysql_select_db() in D:\\Development\\VideoGameStore\\usbwebserver\\root\\publish.php:41\nStack trace:\n#0 {main}\n  thrown in D:\\Development\\VideoGameStore\\usbwebserver\\root\\publish.php on line 41, referer: http://localhost/
[Mon Apr 25 13:43:31.314607 2022] [php:error] [pid 18828:tid 1236] [client ::1:54480] PHP Fatal error:  Uncaught Error: Call to undefined function mysql_select_db() in D:\\Development\\VideoGameStore\\usbwebserver\\root\\publish.php:41\nStack trace:\n#0 {main}\n  thrown in D:\\Development\\VideoGameStore\\usbwebserver\\root\\publish.php on line 41, referer: http://localhost/
[Mon Apr 25 13:47:48.818971 2022] [php:warn] [pid 18828:tid 1220] [client ::1:54523] PHP Warning:  Undefined array key "publisher_id" in D:\\Development\\VideoGameStore\\usbwebserver\\root\\publish.php on line 2, referer: http://localhost/publish.html
[Mon Apr 25 13:47:48.818971 2022] [php:warn] [pid 18828:tid 1220] [client ::1:54523] PHP Warning:  Undefined array key "publisher_name" in D:\\Development\\VideoGameStore\\usbwebserver\\root\\publish.php on line 3, referer: http://localhost/publish.html
[Mon Apr 25 13:47:48.835315 2022] [php:error] [pid 18828:tid 1220] [client ::1:54523] PHP Fatal error:  Uncaught Error: Call to undefined function mysql_select_db() in D:\\Development\\VideoGameStore\\usbwebserver\\root\\publish.php:15\nStack trace:\n#0 {main}\n  thrown in D:\\Development\\VideoGameStore\\usbwebserver\\root\\publish.php on line 15, referer: http://localhost/publish.html
[Mon Apr 25 14:45:44.603625 2022] [php:warn] [pid 18828:tid 1236] [client ::1:58357] PHP Warning:  Undefined array key "publisher_id" in D:\\Development\\VideoGameStore\\usbwebserver\\root\\publish.php on line 2, referer: http://localhost/publish.html
[Mon Apr 25 14:45:44.603625 2022] [php:warn] [pid 18828:tid 1236] [client ::1:58357] PHP Warning:  Undefined array key "publisher_name" in D:\\Development\\VideoGameStore\\usbwebserver\\root\\publish.php on line 3, referer: http://localhost/publish.html
[Mon Apr 25 14:45:44.604620 2022] [php:error] [pid 18828:tid 1236] [client ::1:58357] PHP Fatal error:  Uncaught Error: Call to undefined function mysql_select_db() in D:\\Development\\VideoGameStore\\usbwebserver\\root\\publish.php:15\nStack trace:\n#0 {main}\n  thrown in D:\\Development\\VideoGameStore\\usbwebserver\\root\\publish.php on line 15, referer: http://localhost/publish.html
[Mon Apr 25 14:45:53.700836 2022] [php:warn] [pid 18828:tid 1236] [client ::1:58360] PHP Warning:  Undefined array key "publisher_id" in D:\\Development\\VideoGameStore\\usbwebserver\\root\\publish.php on line 2, referer: http://localhost/publish.html
[Mon Apr 25 14:45:53.700836 2022] [php:warn] [pid 18828:tid 1236] [client ::1:58360] PHP Warning:  Undefined array key "publisher_name" in D:\\Development\\VideoGameStore\\usbwebserver\\root\\publish.php on line 3, referer: http://localhost/publish.html
[Mon Apr 25 14:45:53.700836 2022] [php:error] [pid 18828:tid 1236] [client ::1:58360] PHP Fatal error:  Uncaught Error: Call to undefined function mysql_select_db() in D:\\Development\\VideoGameStore\\usbwebserver\\root\\publish.php:15\nStack trace:\n#0 {main}\n  thrown in D:\\Development\\VideoGameStore\\usbwebserver\\root\\publish.php on line 15, referer: http://localhost/publish.html
[Mon Apr 25 15:04:48.612808 2022] [php:warn] [pid 18828:tid 1240] [client ::1:58786] PHP Warning:  Undefined variable $mysqli in D:\\Development\\VideoGameStore\\usbwebserver\\root\\publish.php on line 8, referer: http://localhost/publish.html
[Mon Apr 25 15:04:48.612808 2022] [php:error] [pid 18828:tid 1240] [client ::1:58786] PHP Fatal error:  Uncaught Error: Call to a member function query() on null in D:\\Development\\VideoGameStore\\usbwebserver\\root\\publish.php:8\nStack trace:\n#0 {main}\n  thrown in D:\\Development\\VideoGameStore\\usbwebserver\\root\\publish.php on line 8, referer: http://localhost/publish.html
[Mon Apr 25 15:05:11.084006 2022] [php:warn] [pid 18828:tid 1236] [client ::1:58796] PHP Warning:  Undefined variable $mysqli in D:\\Development\\VideoGameStore\\usbwebserver\\root\\publish.php on line 8, referer: http://localhost/publish.html
[Mon Apr 25 15:05:11.084006 2022] [php:error] [pid 18828:tid 1236] [client ::1:58796] PHP Fatal error:  Uncaught Error: Call to a member function query() on null in D:\\Development\\VideoGameStore\\usbwebserver\\root\\publish.php:8\nStack trace:\n#0 {main}\n  thrown in D:\\Development\\VideoGameStore\\usbwebserver\\root\\publish.php on line 8, referer: http://localhost/publish.html
[Mon Apr 25 15:06:09.219794 2022] [php:warn] [pid 18828:tid 1240] [client ::1:58797] PHP Warning:  Undefined variable $mysqli in D:\\Development\\VideoGameStore\\usbwebserver\\root\\publish.php on line 8, referer: http://localhost/publish.html
[Mon Apr 25 15:06:09.219794 2022] [php:error] [pid 18828:tid 1240] [client ::1:58797] PHP Fatal error:  Uncaught Error: Call to a member function query() on null in D:\\Development\\VideoGameStore\\usbwebserver\\root\\publish.php:8\nStack trace:\n#0 {main}\n  thrown in D:\\Development\\VideoGameStore\\usbwebserver\\root\\publish.php on line 8, referer: http://localhost/publish.html
[Mon Apr 25 15:06:10.684990 2022] [php:warn] [pid 18828:tid 1236] [client ::1:58798] PHP Warning:  Undefined variable $mysqli in D:\\Development\\VideoGameStore\\usbwebserver\\root\\publish.php on line 8, referer: http://localhost/publish.html
[Mon Apr 25 15:06:10.685517 2022] [php:error] [pid 18828:tid 1236] [client ::1:58798] PHP Fatal error:  Uncaught Error: Call to a member function query() on null in D:\\Development\\VideoGameStore\\usbwebserver\\root\\publish.php:8\nStack trace:\n#0 {main}\n  thrown in D:\\Development\\VideoGameStore\\usbwebserver\\root\\publish.php on line 8, referer: http://localhost/publish.html
[Mon Apr 25 15:14:37.158992 2022] [php:warn] [pid 18828:tid 1240] [client ::1:63851] PHP Warning:  Undefined variable $mysqli in D:\\Development\\VideoGameStore\\usbwebserver\\root\\publish.php on line 10, referer: http://localhost/publish.html
[Mon Apr 25 15:14:37.158992 2022] [php:error] [pid 18828:tid 1240] [client ::1:63851] PHP Fatal error:  Uncaught Error: Call to a member function query() on null in D:\\Development\\VideoGameStore\\usbwebserver\\root\\publish.php:10\nStack trace:\n#0 {main}\n  thrown in D:\\Development\\VideoGameStore\\usbwebserver\\root\\publish.php on line 10, referer: http://localhost/publish.html
[Mon Apr 25 15:15:14.697236 2022] [php:warn] [pid 18828:tid 1236] [client ::1:63852] PHP Warning:  Undefined variable $conn in D:\\Development\\VideoGameStore\\usbwebserver\\root\\publish.php on line 10, referer: http://localhost/publish.html
[Mon Apr 25 15:15:14.697236 2022] [php:error] [pid 18828:tid 1236] [client ::1:63852] PHP Fatal error:  Uncaught Error: Call to a member function query() on null in D:\\Development\\VideoGameStore\\usbwebserver\\root\\publish.php:10\nStack trace:\n#0 {main}\n  thrown in D:\\Development\\VideoGameStore\\usbwebserver\\root\\publish.php on line 10, referer: http://localhost/publish.html
[Mon Apr 25 15:54:21.134430 2022] [php:warn] [pid 18828:tid 1236] [client ::1:64215] PHP Warning:  Undefined variable $row in D:\\Development\\VideoGameStore\\usbwebserver\\root\\publish.php on line 41, referer: http://localhost/
[Mon Apr 25 15:54:21.180591 2022] [php:warn] [pid 18828:tid 1236] [client ::1:64215] PHP Warning:  Trying to access array offset on value of type null in D:\\Development\\VideoGameStore\\usbwebserver\\root\\publish.php on line 41, referer: http://localhost/
[Mon Apr 25 15:55:11.636230 2022] [php:warn] [pid 18828:tid 1240] [client ::1:64224] PHP Warning:  Undefined variable $row in D:\\Development\\VideoGameStore\\usbwebserver\\root\\publish.php on line 43, referer: http://localhost/
[Mon Apr 25 15:55:11.636230 2022] [php:warn] [pid 18828:tid 1240] [client ::1:64224] PHP Warning:  Trying to access array offset on value of type null in D:\\Development\\VideoGameStore\\usbwebserver\\root\\publish.php on line 43, referer: http://localhost/
[Mon Apr 25 15:57:48.883378 2022] [php:error] [pid 18828:tid 1236] [client ::1:64270] PHP Parse error:  syntax error, unexpected token "echo" in D:\\Development\\VideoGameStore\\usbwebserver\\root\\publish.php on line 44, referer: http://localhost/
[Mon Apr 25 15:57:50.226571 2022] [php:error] [pid 18828:tid 1240] [client ::1:64271] PHP Parse error:  syntax error, unexpected token "echo" in D:\\Development\\VideoGameStore\\usbwebserver\\root\\publish.php on line 44, referer: http://localhost/
[Mon Apr 25 15:58:14.437993 2022] [php:error] [pid 18828:tid 1236] [client ::1:64273] PHP Parse error:  syntax error, unexpected token "echo" in D:\\Development\\VideoGameStore\\usbwebserver\\root\\publish.php on line 45, referer: http://localhost/
[Mon Apr 25 15:58:22.991675 2022] [php:error] [pid 18828:tid 1240] [client ::1:64275] PHP Parse error:  syntax error, unexpected token "echo" in D:\\Development\\VideoGameStore\\usbwebserver\\root\\publish.php on line 45, referer: http://localhost/
[Mon Apr 25 15:58:25.947358 2022] [php:error] [pid 18828:tid 1236] [client ::1:64282] PHP Parse error:  syntax error, unexpected token "echo" in D:\\Development\\VideoGameStore\\usbwebserver\\root\\publish.php on line 45, referer: http://localhost/
[Mon Apr 25 15:58:34.007262 2022] [php:error] [pid 18828:tid 1240] [client ::1:64283] PHP Parse error:  syntax error, unexpected token "echo" in D:\\Development\\VideoGameStore\\usbwebserver\\root\\publish.php on line 45, referer: http://localhost/
[Mon Apr 25 15:58:36.780088 2022] [php:error] [pid 18828:tid 1236] [client ::1:64286] PHP Parse error:  syntax error, unexpected token "echo" in D:\\Development\\VideoGameStore\\usbwebserver\\root\\publish.php on line 45, referer: http://localhost/
[Mon Apr 25 15:59:40.212148 2022] [php:error] [pid 18828:tid 1240] [client ::1:64301] PHP Parse error:  syntax error, unexpected token "echo" in D:\\Development\\VideoGameStore\\usbwebserver\\root\\publish.php on line 50, referer: http://localhost/
[Mon Apr 25 15:59:42.466028 2022] [php:error] [pid 18828:tid 1236] [client ::1:64302] PHP Parse error:  syntax error, unexpected token "echo" in D:\\Development\\VideoGameStore\\usbwebserver\\root\\publish.php on line 50, referer: http://localhost/
[Mon Apr 25 16:00:41.442636 2022] [php:error] [pid 18828:tid 1240] [client ::1:64315] PHP Parse error:  syntax error, unexpected token "echo" in D:\\Development\\VideoGameStore\\usbwebserver\\root\\publish.php on line 51, referer: http://localhost/
[Mon Apr 25 16:00:53.196010 2022] [php:error] [pid 18828:tid 1236] [client ::1:64320] PHP Parse error:  syntax error, unexpected token "echo" in D:\\Development\\VideoGameStore\\usbwebserver\\root\\publish.php on line 50, referer: http://localhost/
[Mon Apr 25 16:09:33.850205 2022] [php:error] [pid 18828:tid 1240] [client ::1:64420] PHP Parse error:  Unmatched '}' in D:\\Development\\VideoGameStore\\usbwebserver\\root\\publish.php on line 59, referer: http://localhost/
[Mon Apr 25 16:09:38.495383 2022] [php:error] [pid 18828:tid 1236] [client ::1:64421] PHP Parse error:  Unmatched '}' in D:\\Development\\VideoGameStore\\usbwebserver\\root\\publish.php on line 59, referer: http://localhost/
[Mon Apr 25 16:10:38.027019 2022] [php:error] [pid 18828:tid 1240] [client ::1:64436] PHP Parse error:  Unmatched '}' in D:\\Development\\VideoGameStore\\usbwebserver\\root\\publish.php on line 59, referer: http://localhost/
[Mon Apr 25 16:10:38.778882 2022] [php:error] [pid 18828:tid 1236] [client ::1:64437] PHP Parse error:  Unmatched '}' in D:\\Development\\VideoGameStore\\usbwebserver\\root\\publish.php on line 59, referer: http://localhost/
[Mon Apr 25 16:11:06.644877 2022] [php:error] [pid 18828:tid 1240] [client ::1:64438] PHP Parse error:  Unmatched '}' in D:\\Development\\VideoGameStore\\usbwebserver\\root\\publish.php on line 59, referer: http://localhost/
[Mon Apr 25 16:15:23.412040 2022] [php:error] [pid 18828:tid 1240] [client ::1:64512] PHP Parse error:  Unmatched '}' in D:\\Development\\VideoGameStore\\usbwebserver\\root\\publish.php on line 59, referer: http://localhost/
[Mon Apr 25 16:17:54.262591 2022] [php:error] [pid 18828:tid 1236] [client ::1:64535] PHP Fatal error:  Uncaught Error: Call to undefined function mysql_fetch_array() in D:\\Development\\VideoGameStore\\usbwebserver\\root\\publish.php:53\nStack trace:\n#0 {main}\n  thrown in D:\\Development\\VideoGameStore\\usbwebserver\\root\\publish.php on line 53, referer: http://localhost/
[Mon Apr 25 16:18:08.965053 2022] [php:warn] [pid 18828:tid 1240] [client ::1:64540] PHP Warning:  Undefined variable $sonn in D:\\Development\\VideoGameStore\\usbwebserver\\root\\publish.php on line 53, referer: http://localhost/
[Mon Apr 25 16:18:08.965053 2022] [php:error] [pid 18828:tid 1240] [client ::1:64540] PHP Fatal error:  Uncaught Error: Call to a member function fetch_array() on null in D:\\Development\\VideoGameStore\\usbwebserver\\root\\publish.php:53\nStack trace:\n#0 {main}\n  thrown in D:\\Development\\VideoGameStore\\usbwebserver\\root\\publish.php on line 53, referer: http://localhost/
[Mon Apr 25 16:18:59.794944 2022] [php:warn] [pid 18828:tid 1236] [client ::1:64543] PHP Warning:  Undefined variable $sonn in D:\\Development\\VideoGameStore\\usbwebserver\\root\\publish.php on line 54, referer: http://localhost/
[Mon Apr 25 16:18:59.794944 2022] [php:error] [pid 18828:tid 1236] [client ::1:64543] PHP Fatal error:  Uncaught Error: Call to a member function fetch_array() on null in D:\\Development\\VideoGameStore\\usbwebserver\\root\\publish.php:54\nStack trace:\n#0 {main}\n  thrown in D:\\Development\\VideoGameStore\\usbwebserver\\root\\publish.php on line 54, referer: http://localhost/
[Mon Apr 25 16:19:12.168111 2022] [php:warn] [pid 18828:tid 1240] [client ::1:64562] PHP Warning:  Undefined variable $sonn in D:\\Development\\VideoGameStore\\usbwebserver\\root\\publish.php on line 54, referer: http://localhost/
[Mon Apr 25 16:19:12.168111 2022] [php:error] [pid 18828:tid 1240] [client ::1:64562] PHP Fatal error:  Uncaught Error: Call to a member function fetch_array() on null in D:\\Development\\VideoGameStore\\usbwebserver\\root\\publish.php:54\nStack trace:\n#0 {main}\n  thrown in D:\\Development\\VideoGameStore\\usbwebserver\\root\\publish.php on line 54, referer: http://localhost/
[Mon Apr 25 16:21:16.740381 2022] [php:error] [pid 18828:tid 1236] [client ::1:64591] PHP Fatal error:  Uncaught Error: Call to undefined function mysql_fetch_array() in D:\\Development\\VideoGameStore\\usbwebserver\\root\\publish.php:54\nStack trace:\n#0 {main}\n  thrown in D:\\Development\\VideoGameStore\\usbwebserver\\root\\publish.php on line 54, referer: http://localhost/
[Mon Apr 25 16:27:59.859786 2022] [php:warn] [pid 18828:tid 1236] [client ::1:64677] PHP Warning:  include(conneciton.php): Failed to open stream: No such file or directory in D:\\Development\\VideoGameStore\\usbwebserver\\root\\publish.php on line 34, referer: http://localhost/
[Mon Apr 25 16:27:59.859786 2022] [php:warn] [pid 18828:tid 1236] [client ::1:64677] PHP Warning:  include(): Failed opening 'conneciton.php' for inclusion (include_path='.;C:\\php\\pear') in D:\\Development\\VideoGameStore\\usbwebserver\\root\\publish.php on line 34, referer: http://localhost/
[Mon Apr 25 16:27:59.859786 2022] [php:warn] [pid 18828:tid 1236] [client ::1:64677] PHP Warning:  Undefined variable $conn in D:\\Development\\VideoGameStore\\usbwebserver\\root\\publish.php on line 40, referer: http://localhost/
[Mon Apr 25 16:27:59.859786 2022] [php:error] [pid 18828:tid 1236] [client ::1:64677] PHP Fatal error:  Uncaught Error: Call to a member function query() on null in D:\\Development\\VideoGameStore\\usbwebserver\\root\\publish.php:40\nStack trace:\n#0 {main}\n  thrown in D:\\Development\\VideoGameStore\\usbwebserver\\root\\publish.php on line 40, referer: http://localhost/
[Mon Apr 25 16:28:28.043955 2022] [php:warn] [pid 18828:tid 1240] [client ::1:64678] PHP Warning:  include(conneciton.php): Failed to open stream: No such file or directory in D:\\Development\\VideoGameStore\\usbwebserver\\root\\publish.php on line 34, referer: http://localhost/
[Mon Apr 25 16:28:28.043955 2022] [php:warn] [pid 18828:tid 1240] [client ::1:64678] PHP Warning:  include(): Failed opening 'conneciton.php' for inclusion (include_path='.;C:\\php\\pear') in D:\\Development\\VideoGameStore\\usbwebserver\\root\\publish.php on line 34, referer: http://localhost/
[Mon Apr 25 16:28:28.043955 2022] [php:warn] [pid 18828:tid 1240] [client ::1:64678] PHP Warning:  Undefined variable $host in D:\\Development\\VideoGameStore\\usbwebserver\\root\\publish.php on line 39, referer: http://localhost/
[Mon Apr 25 16:28:28.043955 2022] [php:warn] [pid 18828:tid 1240] [client ::1:64678] PHP Warning:  Undefined variable $username in D:\\Development\\VideoGameStore\\usbwebserver\\root\\publish.php on line 39, referer: http://localhost/
[Mon Apr 25 16:28:28.043955 2022] [php:warn] [pid 18828:tid 1240] [client ::1:64678] PHP Warning:  Undefined variable $password in D:\\Development\\VideoGameStore\\usbwebserver\\root\\publish.php on line 39, referer: http://localhost/
[Mon Apr 25 16:28:28.043955 2022] [php:warn] [pid 18828:tid 1240] [client ::1:64678] PHP Warning:  Undefined variable $database in D:\\Development\\VideoGameStore\\usbwebserver\\root\\publish.php on line 39, referer: http://localhost/
[Mon Apr 25 16:28:28.044973 2022] [php:error] [pid 18828:tid 1240] [client ::1:64678] PHP Fatal error:  Uncaught mysqli_sql_exception in D:\\Development\\VideoGameStore\\usbwebserver\\root\\publish.php:45\nStack trace:\n#0 D:\\Development\\VideoGameStore\\usbwebserver\\root\\publish.php(45): mysqli->query('SELECT publishe...')\n#1 {main}\n  thrown in D:\\Development\\VideoGameStore\\usbwebserver\\root\\publish.php on line 45, referer: http://localhost/
[Mon Apr 25 16:29:28.029868 2022] [php:warn] [pid 18828:tid 1236] [client ::1:64683] PHP Warning:  include(conneciton.php): Failed to open stream: No such file or directory in D:\\Development\\VideoGameStore\\usbwebserver\\root\\index.php on line 13
[Mon Apr 25 16:29:28.029868 2022] [php:warn] [pid 18828:tid 1236] [client ::1:64683] PHP Warning:  include(): Failed opening 'conneciton.php' for inclusion (include_path='.;C:\\php\\pear') in D:\\Development\\VideoGameStore\\usbwebserver\\root\\index.php on line 13
[Mon Apr 25 16:29:28.882461 2022] [php:warn] [pid 18828:tid 1236] [client ::1:64683] PHP Warning:  include(conneciton.php): Failed to open stream: No such file or directory in D:\\Development\\VideoGameStore\\usbwebserver\\root\\index.php on line 13
[Mon Apr 25 16:29:28.882461 2022] [php:warn] [pid 18828:tid 1236] [client ::1:64683] PHP Warning:  include(): Failed opening 'conneciton.php' for inclusion (include_path='.;C:\\php\\pear') in D:\\Development\\VideoGameStore\\usbwebserver\\root\\index.php on line 13
[Mon Apr 25 16:29:31.355399 2022] [php:warn] [pid 18828:tid 1236] [client ::1:64683] PHP Warning:  include(conneciton.php): Failed to open stream: No such file or directory in D:\\Development\\VideoGameStore\\usbwebserver\\root\\index.php on line 13
[Mon Apr 25 16:29:31.355399 2022] [php:warn] [pid 18828:tid 1236] [client ::1:64683] PHP Warning:  include(): Failed opening 'conneciton.php' for inclusion (include_path='.;C:\\php\\pear') in D:\\Development\\VideoGameStore\\usbwebserver\\root\\index.php on line 13
[Mon Apr 25 16:29:39.350172 2022] [php:warn] [pid 18828:tid 1240] [client ::1:64695] PHP Warning:  include(conneciton.php): Failed to open stream: No such file or directory in D:\\Development\\VideoGameStore\\usbwebserver\\root\\publish.php on line 34, referer: http://localhost/
[Mon Apr 25 16:29:39.350172 2022] [php:warn] [pid 18828:tid 1240] [client ::1:64695] PHP Warning:  include(): Failed opening 'conneciton.php' for inclusion (include_path='.;C:\\php\\pear') in D:\\Development\\VideoGameStore\\usbwebserver\\root\\publish.php on line 34, referer: http://localhost/
[Mon Apr 25 16:29:39.350172 2022] [php:warn] [pid 18828:tid 1240] [client ::1:64695] PHP Warning:  Undefined variable $host in D:\\Development\\VideoGameStore\\usbwebserver\\root\\publish.php on line 39, referer: http://localhost/
[Mon Apr 25 16:29:39.350172 2022] [php:warn] [pid 18828:tid 1240] [client ::1:64695] PHP Warning:  Undefined variable $username in D:\\Development\\VideoGameStore\\usbwebserver\\root\\publish.php on line 39, referer: http://localhost/
[Mon Apr 25 16:29:39.350172 2022] [php:warn] [pid 18828:tid 1240] [client ::1:64695] PHP Warning:  Undefined variable $password in D:\\Development\\VideoGameStore\\usbwebserver\\root\\publish.php on line 39, referer: http://localhost/
[Mon Apr 25 16:29:39.350172 2022] [php:warn] [pid 18828:tid 1240] [client ::1:64695] PHP Warning:  Undefined variable $database in D:\\Development\\VideoGameStore\\usbwebserver\\root\\publish.php on line 39, referer: http://localhost/
[Mon Apr 25 16:29:39.351346 2022] [php:error] [pid 18828:tid 1240] [client ::1:64695] PHP Fatal error:  Uncaught mysqli_sql_exception in D:\\Development\\VideoGameStore\\usbwebserver\\root\\publish.php:45\nStack trace:\n#0 D:\\Development\\VideoGameStore\\usbwebserver\\root\\publish.php(45): mysqli->query('SELECT publishe...')\n#1 {main}\n  thrown in D:\\Development\\VideoGameStore\\usbwebserver\\root\\publish.php on line 45, referer: http://localhost/
[Mon Apr 25 16:29:48.580986 2022] [php:warn] [pid 18828:tid 1236] [client ::1:64698] PHP Warning:  include(conneciton.php): Failed to open stream: No such file or directory in D:\\Development\\VideoGameStore\\usbwebserver\\root\\publish.php on line 34, referer: http://localhost/
[Mon Apr 25 16:29:48.580986 2022] [php:warn] [pid 18828:tid 1236] [client ::1:64698] PHP Warning:  include(): Failed opening 'conneciton.php' for inclusion (include_path='.;C:\\php\\pear') in D:\\Development\\VideoGameStore\\usbwebserver\\root\\publish.php on line 34, referer: http://localhost/
[Mon Apr 25 16:29:48.580986 2022] [php:warn] [pid 18828:tid 1236] [client ::1:64698] PHP Warning:  Undefined variable $conn in D:\\Development\\VideoGameStore\\usbwebserver\\root\\publish.php on line 40, referer: http://localhost/
[Mon Apr 25 16:29:48.580986 2022] [php:error] [pid 18828:tid 1236] [client ::1:64698] PHP Fatal error:  Uncaught Error: Call to a member function query() on null in D:\\Development\\VideoGameStore\\usbwebserver\\root\\publish.php:40\nStack trace:\n#0 {main}\n  thrown in D:\\Development\\VideoGameStore\\usbwebserver\\root\\publish.php on line 40, referer: http://localhost/
[Mon Apr 25 16:30:04.877673 2022] [php:warn] [pid 18828:tid 1240] [client ::1:64702] PHP Warning:  include(conneciton.php): Failed to open stream: No such file or directory in D:\\Development\\VideoGameStore\\usbwebserver\\root\\index.php on line 13, referer: http://localhost/
[Mon Apr 25 16:30:04.877673 2022] [php:warn] [pid 18828:tid 1240] [client ::1:64702] PHP Warning:  include(): Failed opening 'conneciton.php' for inclusion (include_path='.;C:\\php\\pear') in D:\\Development\\VideoGameStore\\usbwebserver\\root\\index.php on line 13, referer: http://localhost/
[Mon Apr 25 16:30:04.877673 2022] [php:warn] [pid 18828:tid 1240] [client ::1:64702] PHP Warning:  Undefined variable $conn in D:\\Development\\VideoGameStore\\usbwebserver\\root\\publish.php on line 40, referer: http://localhost/
[Mon Apr 25 16:30:04.877673 2022] [php:error] [pid 18828:tid 1240] [client ::1:64702] PHP Fatal error:  Uncaught Error: Call to a member function query() on null in D:\\Development\\VideoGameStore\\usbwebserver\\root\\publish.php:40\nStack trace:\n#0 {main}\n  thrown in D:\\Development\\VideoGameStore\\usbwebserver\\root\\publish.php on line 40, referer: http://localhost/
[Mon Apr 25 16:39:11.734372 2022] [php:warn] [pid 18828:tid 1240] [client ::1:64062] PHP Warning:  Undefined variable $conn in D:\\Development\\VideoGameStore\\usbwebserver\\root\\pubadd.php on line 13, referer: http://localhost/publish.php
[Mon Apr 25 16:39:11.735371 2022] [php:error] [pid 18828:tid 1240] [client ::1:64062] PHP Fatal error:  Uncaught Error: Call to a member function query() on null in D:\\Development\\VideoGameStore\\usbwebserver\\root\\pubadd.php:13\nStack trace:\n#0 {main}\n  thrown in D:\\Development\\VideoGameStore\\usbwebserver\\root\\pubadd.php on line 13, referer: http://localhost/publish.php
