2022-04-25T16:54:49.108901Z 0 [Warning] TIMESTAMP with implicit DEFAULT value is deprecated. Please use --explicit_defaults_for_timestamp server option (see documentation for more details).
2022-04-25T16:54:49.109130Z 0 [Note] --secure-file-priv is set to NULL. Operations related to importing and exporting data are disabled
2022-04-25T16:54:49.109466Z 0 [ERROR] Cannot open Windows EventLog; check privileges, or start server with --log_syslog=0
2022-04-25T16:54:49.109482Z 0 [Note] D:\Development\VideoGameStore\usbwebserver/mysql/bin/mysqld_usbwv8.exe (mysqld 5.7.36) starting as process 1044 ...
2022-04-25T16:54:49.123554Z 0 [ERROR] Error message file 'D:\Development\VideoGameStore\usbwebserver\mysql\share\english\errmsg.sys' had only 886 error messages,
                    but it should contain at least 1123 error messages.
                    Check that the above file is the right version for                     this program!
2022-04-25T16:54:49.147978Z 0 [Note] InnoDB: Mutexes and rw_locks use Windows interlocked functions
2022-04-25T16:54:49.148355Z 0 [Note] InnoDB: Uses event mutexes
2022-04-25T16:54:49.148566Z 0 [Note] InnoDB: Memory barrier is not used
2022-04-25T16:54:49.149791Z 0 [Note] InnoDB: Compressed tables use zlib 1.2.11
2022-04-25T16:54:49.151523Z 0 [Note] InnoDB: Number of pools: 1
2022-04-25T16:54:49.152340Z 0 [Note] InnoDB: Not using CPU crc32 instructions
2022-04-25T16:54:49.157479Z 0 [Note] InnoDB: Initializing buffer pool, total size = 128M, instances = 1, chunk size = 128M
2022-04-25T16:54:49.171877Z 0 [Note] InnoDB: Completed initialization of buffer pool
2022-04-25T16:54:49.195870Z 0 [Note] InnoDB: The first innodb_system data file 'ibdata1' did not exist. A new tablespace will be created!
2022-04-25T16:54:49.197023Z 0 [Note] InnoDB: Setting file 'D:\Development\VideoGameStore\usbwebserver\mysql\data\ibdata1' size to 10 MB. Physically writing the file full; Please wait ...
2022-04-25T16:54:49.333805Z 0 [Note] InnoDB: File 'D:\Development\VideoGameStore\usbwebserver\mysql\data\ibdata1' size is now 10 MB.
2022-04-25T16:54:49.339557Z 0 [Note] InnoDB: Setting log file D:\Development\VideoGameStore\usbwebserver\mysql\data\ib_logfile101 size to 5 MB
2022-04-25T16:54:49.439824Z 0 [Note] InnoDB: Setting log file D:\Development\VideoGameStore\usbwebserver\mysql\data\ib_logfile1 size to 5 MB
2022-04-25T16:54:49.807866Z 0 [Note] InnoDB: Renaming log file D:\Development\VideoGameStore\usbwebserver\mysql\data\ib_logfile101 to D:\Development\VideoGameStore\usbwebserver\mysql\data\ib_logfile0
2022-04-25T16:54:49.845972Z 0 [Warning] InnoDB: New log files created, LSN=45790
2022-04-25T16:54:49.847215Z 0 [Note] InnoDB: Creating shared tablespace for temporary tables
2022-04-25T16:54:49.849127Z 0 [Note] InnoDB: Setting file 'D:\Development\VideoGameStore\usbwebserver\mysql\data\ibtmp1' size to 12 MB. Physically writing the file full; Please wait ...
2022-04-25T16:54:50.042104Z 0 [Note] InnoDB: File 'D:\Development\VideoGameStore\usbwebserver\mysql\data\ibtmp1' size is now 12 MB.
2022-04-25T16:54:50.054020Z 0 [Note] InnoDB: Doublewrite buffer not found: creating new
2022-04-25T16:54:50.372319Z 0 [Note] InnoDB: Doublewrite buffer created
2022-04-25T16:54:51.122747Z 0 [Note] InnoDB: 96 redo rollback segment(s) found. 96 redo rollback segment(s) are active.
2022-04-25T16:54:51.123226Z 0 [Note] InnoDB: 32 non-redo rollback segment(s) are active.
2022-04-25T16:54:51.132765Z 0 [Warning] InnoDB: Creating foreign key constraint system tables.
2022-04-25T16:54:51.190479Z 0 [Note] InnoDB: Foreign key constraint system tables created
2022-04-25T16:54:51.190885Z 0 [Note] InnoDB: Creating tablespace and datafile system tables.
2022-04-25T16:54:51.226130Z 0 [Note] InnoDB: Tablespace and datafile system tables created.
2022-04-25T16:54:51.226552Z 0 [Note] InnoDB: Creating sys_virtual system tables.
2022-04-25T16:54:51.342462Z 0 [Note] InnoDB: sys_virtual table created
2022-04-25T16:54:51.343505Z 0 [Note] InnoDB: Waiting for purge to start
2022-04-25T16:54:51.397480Z 0 [Note] InnoDB: 5.7.36 started; log sequence number 0
2022-04-25T16:54:51.399659Z 0 [Note] Plugin 'FEDERATED' is disabled.
2022-04-25T16:54:51.420506Z 0 [Warning] System table 'plugin' is expected to be transactional.
2022-04-25T16:54:51.431072Z 0 [Warning] Gtid table is not ready to be used. Table 'mysql.gtid_executed' cannot be opened.
2022-04-25T16:54:51.444775Z 0 [Note] Found ca.pem, server-cert.pem and server-key.pem in data directory. Trying to enable SSL support using them.
2022-04-25T16:54:51.445855Z 0 [Note] Skipping generation of SSL certificates as certificate files are present in data directory.
2022-04-25T16:54:51.447177Z 0 [Warning] 
2022-04-25T16:54:51.447531Z 0 [Warning] 
2022-04-25T16:54:51.476062Z 0 [Warning] CA certificate ca.pem is self signed.
2022-04-25T16:54:51.476424Z 0 [Note] Skipping generation of RSA key pair as key files are present in data directory.
2022-04-25T16:54:51.485949Z 0 [Note] Server hostname (bind-address): '*'; port: 3306
2022-04-25T16:54:51.486367Z 0 [Note] IPv6 is available.
2022-04-25T16:54:51.486530Z 0 [Note]   - '::' resolves to '::';
2022-04-25T16:54:51.486737Z 0 [Note] Server socket created on IP: '::'.
2022-04-25T16:54:51.486934Z 0 [ERROR] Can't start server: Bind on TCP/IP port: No such file or directory
2022-04-25T16:54:51.487201Z 0 [ERROR] Do you already have another mysqld server running on port: 3306 ?
2022-04-25T16:54:51.487467Z 0 [ERROR] Aborting

2022-04-25T16:54:51.487604Z 0 [Note] Binlog end
2022-04-25T16:54:51.487760Z 0 [Note] Shutting down plugin 'ngram'
2022-04-25T16:54:51.487921Z 0 [Note] Shutting down plugin 'partition'
2022-04-25T16:54:51.488111Z 0 [Note] Shutting down plugin 'BLACKHOLE'
2022-04-25T16:54:51.488335Z 0 [Note] Shutting down plugin 'ARCHIVE'
2022-04-25T16:54:51.488566Z 0 [Note] Shutting down plugin 'PERFORMANCE_SCHEMA'
2022-04-25T16:54:51.488917Z 0 [Note] Shutting down plugin 'MRG_MYISAM'
2022-04-25T16:54:51.489197Z 0 [Note] Shutting down plugin 'MyISAM'
2022-04-25T16:54:51.489428Z 0 [Note] Shutting down plugin 'INNODB_SYS_VIRTUAL'
2022-04-25T16:54:51.490066Z 0 [Note] Shutting down plugin 'INNODB_SYS_DATAFILES'
2022-04-25T16:54:51.490650Z 0 [Note] Shutting down plugin 'INNODB_SYS_TABLESPACES'
2022-04-25T16:54:51.490969Z 0 [Note] Shutting down plugin 'INNODB_SYS_FOREIGN_COLS'
2022-04-25T16:54:51.491347Z 0 [Note] Shutting down plugin 'INNODB_SYS_FOREIGN'
2022-04-25T16:54:51.492255Z 0 [Note] Shutting down plugin 'INNODB_SYS_FIELDS'
2022-04-25T16:54:51.493084Z 0 [Note] Shutting down plugin 'INNODB_SYS_COLUMNS'
2022-04-25T16:54:51.493571Z 0 [Note] Shutting down plugin 'INNODB_SYS_INDEXES'
2022-04-25T16:54:51.493930Z 0 [Note] Shutting down plugin 'INNODB_SYS_TABLESTATS'
2022-04-25T16:54:51.494229Z 0 [Note] Shutting down plugin 'INNODB_SYS_TABLES'
2022-04-25T16:54:51.494515Z 0 [Note] Shutting down plugin 'INNODB_FT_INDEX_TABLE'
2022-04-25T16:54:51.494801Z 0 [Note] Shutting down plugin 'INNODB_FT_INDEX_CACHE'
2022-04-25T16:54:51.495160Z 0 [Note] Shutting down plugin 'INNODB_FT_CONFIG'
2022-04-25T16:54:51.495572Z 0 [Note] Shutting down plugin 'INNODB_FT_BEING_DELETED'
2022-04-25T16:54:51.495924Z 0 [Note] Shutting down plugin 'INNODB_FT_DELETED'
2022-04-25T16:54:51.496374Z 0 [Note] Shutting down plugin 'INNODB_FT_DEFAULT_STOPWORD'
2022-04-25T16:54:51.497211Z 0 [Note] Shutting down plugin 'INNODB_METRICS'
2022-04-25T16:54:51.497540Z 0 [Note] Shutting down plugin 'INNODB_TEMP_TABLE_INFO'
2022-04-25T16:54:51.497873Z 0 [Note] Shutting down plugin 'INNODB_BUFFER_POOL_STATS'
2022-04-25T16:54:51.498167Z 0 [Note] Shutting down plugin 'INNODB_BUFFER_PAGE_LRU'
2022-04-25T16:54:51.498452Z 0 [Note] Shutting down plugin 'INNODB_BUFFER_PAGE'
2022-04-25T16:54:51.498720Z 0 [Note] Shutting down plugin 'INNODB_CMP_PER_INDEX_RESET'
2022-04-25T16:54:51.499012Z 0 [Note] Shutting down plugin 'INNODB_CMP_PER_INDEX'
2022-04-25T16:54:51.499408Z 0 [Note] Shutting down plugin 'INNODB_CMPMEM_RESET'
2022-04-25T16:54:51.499629Z 0 [Note] Shutting down plugin 'INNODB_CMPMEM'
2022-04-25T16:54:51.499846Z 0 [Note] Shutting down plugin 'INNODB_CMP_RESET'
2022-04-25T16:54:51.500054Z 0 [Note] Shutting down plugin 'INNODB_CMP'
2022-04-25T16:54:51.500473Z 0 [Note] Shutting down plugin 'INNODB_LOCK_WAITS'
2022-04-25T16:54:51.500729Z 0 [Note] Shutting down plugin 'INNODB_LOCKS'
2022-04-25T16:54:51.500907Z 0 [Note] Shutting down plugin 'INNODB_TRX'
2022-04-25T16:54:51.501078Z 0 [Note] Shutting down plugin 'InnoDB'
2022-04-25T16:54:51.501334Z 0 [Note] InnoDB: FTS optimize thread exiting.
2022-04-25T16:54:51.501838Z 0 [Note] InnoDB: Starting shutdown...
2022-04-25T16:54:51.614552Z 0 [Note] InnoDB: Dumping buffer pool(s) to D:\Development\VideoGameStore\usbwebserver\mysql\data\ib_buffer_pool
2022-04-25T16:54:51.635621Z 0 [Note] InnoDB: Buffer pool(s) dump completed at 220425 12:54:51
2022-04-25T16:54:52.985611Z 0 [Note] InnoDB: Shutdown completed; log sequence number 1209968
2022-04-25T16:54:52.986618Z 0 [Note] InnoDB: Removed temporary tablespace data file: "ibtmp1"
2022-04-25T16:54:52.987161Z 0 [Note] Shutting down plugin 'MEMORY'
2022-04-25T16:54:52.987608Z 0 [Note] Shutting down plugin 'CSV'
2022-04-25T16:54:52.988120Z 0 [Note] Shutting down plugin 'sha256_password'
2022-04-25T16:54:52.988625Z 0 [Note] Shutting down plugin 'mysql_native_password'
2022-04-25T16:54:52.989233Z 0 [Note] Shutting down plugin 'binlog'
2022-04-25T16:54:52.989938Z 0 [Note] 
2022-04-25T16:55:25.203947Z 0 [Warning] TIMESTAMP with implicit DEFAULT value is deprecated. Please use --explicit_defaults_for_timestamp server option (see documentation for more details).
2022-04-25T16:55:25.204003Z 0 [Note] --secure-file-priv is set to NULL. Operations related to importing and exporting data are disabled
2022-04-25T16:55:25.204777Z 0 [ERROR] Cannot open Windows EventLog; check privileges, or start server with --log_syslog=0
2022-04-25T16:55:25.204833Z 0 [Note] D:\Development\VideoGameStore\usbwebserver/mysql/bin/mysqld_usbwv8.exe (mysqld 5.7.36) starting as process 23800 ...
2022-04-25T16:55:25.205684Z 0 [ERROR] Error message file 'D:\Development\VideoGameStore\usbwebserver\mysql\share\english\errmsg.sys' had only 886 error messages,
                    but it should contain at least 1123 error messages.
                    Check that the above file is the right version for                     this program!
2022-04-25T16:55:25.211602Z 0 [Note] InnoDB: Mutexes and rw_locks use Windows interlocked functions
2022-04-25T16:55:25.211880Z 0 [Note] InnoDB: Uses event mutexes
2022-04-25T16:55:25.212051Z 0 [Note] InnoDB: Memory barrier is not used
2022-04-25T16:55:25.212243Z 0 [Note] InnoDB: Compressed tables use zlib 1.2.11
2022-04-25T16:55:25.212733Z 0 [Note] InnoDB: Number of pools: 1
2022-04-25T16:55:25.213006Z 0 [Note] InnoDB: Not using CPU crc32 instructions
2022-04-25T16:55:25.227835Z 0 [Note] InnoDB: Initializing buffer pool, total size = 128M, instances = 1, chunk size = 128M
2022-04-25T16:55:25.234711Z 0 [Note] InnoDB: Completed initialization of buffer pool
2022-04-25T16:55:25.436416Z 0 [Note] InnoDB: Highest supported file format is Barracuda.
2022-04-25T16:55:25.552091Z 0 [Note] InnoDB: Creating shared tablespace for temporary tables
2022-04-25T16:55:25.552578Z 0 [Note] InnoDB: Setting file 'D:\Development\VideoGameStore\usbwebserver\mysql\data\ibtmp1' size to 12 MB. Physically writing the file full; Please wait ...
2022-04-25T16:55:25.717947Z 0 [Note] InnoDB: File 'D:\Development\VideoGameStore\usbwebserver\mysql\data\ibtmp1' size is now 12 MB.
2022-04-25T16:55:25.733350Z 0 [Note] InnoDB: 96 redo rollback segment(s) found. 96 redo rollback segment(s) are active.
2022-04-25T16:55:25.734044Z 0 [Note] InnoDB: 32 non-redo rollback segment(s) are active.
2022-04-25T16:55:25.735286Z 0 [Note] InnoDB: Waiting for purge to start
2022-04-25T16:55:25.788217Z 0 [Note] InnoDB: 5.7.36 started; log sequence number 1209968
2022-04-25T16:55:25.789705Z 0 [Note] InnoDB: Loading buffer pool(s) from D:\Development\VideoGameStore\usbwebserver\mysql\data\ib_buffer_pool
2022-04-25T16:55:25.789724Z 0 [Note] Plugin 'FEDERATED' is disabled.
2022-04-25T16:55:25.793865Z 0 [Note] InnoDB: Buffer pool(s) load completed at 220425 12:55:25
2022-04-25T16:55:25.794725Z 0 [Warning] System table 'plugin' is expected to be transactional.
2022-04-25T16:55:25.796574Z 0 [Warning] Gtid table is not ready to be used. Table 'mysql.gtid_executed' cannot be opened.
2022-04-25T16:55:25.799484Z 0 [Note] Found ca.pem, server-cert.pem and server-key.pem in data directory. Trying to enable SSL support using them.
2022-04-25T16:55:25.800339Z 0 [Note] Skipping generation of SSL certificates as certificate files are present in data directory.
2022-04-25T16:55:25.801090Z 0 [Warning] 
2022-04-25T16:55:25.801268Z 0 [Warning] 
2022-04-25T16:55:25.803503Z 0 [Warning] CA certificate ca.pem is self signed.
2022-04-25T16:55:25.804100Z 0 [Note] Skipping generation of RSA key pair as key files are present in data directory.
2022-04-25T16:55:25.804875Z 0 [Note] Server hostname (bind-address): '*'; port: 3306
2022-04-25T16:55:25.805482Z 0 [Note] IPv6 is available.
2022-04-25T16:55:25.805731Z 0 [Note]   - '::' resolves to '::';
2022-04-25T16:55:25.806048Z 0 [Note] Server socket created on IP: '::'.
2022-04-25T16:55:25.806847Z 0 [Warning] Failed to open optimizer cost constant tables

2022-04-25T16:55:25.993830Z 0 [Warning] System table 'time_zone_leap_second' is expected to be transactional.
2022-04-25T16:55:25.994142Z 0 [Warning] System table 'time_zone_name' is expected to be transactional.
2022-04-25T16:55:25.994421Z 0 [Warning] System table 'time_zone' is expected to be transactional.
2022-04-25T16:55:25.994683Z 0 [Warning] System table 'time_zone_transition_type' is expected to be transactional.
2022-04-25T16:55:25.994994Z 0 [Warning] System table 'time_zone_transition' is expected to be transactional.
2022-04-25T16:55:26.078021Z 0 [Warning] System table 'servers' is expected to be transactional.
2022-04-25T16:55:26.109429Z 0 [Warning] InnoDB: Cannot open table mysql/slave_master_info from the internal data dictionary of InnoDB though the .frm file for the table exists. Please refer to http://dev.mysql.com/doc/refman/5.7/en/innodb-troubleshooting.html for how to resolve the issue.
2022-04-25T16:55:26.117134Z 0 [Warning] InnoDB: Cannot open table mysql/slave_relay_log_info from the internal data dictionary of InnoDB though the .frm file for the table exists. Please refer to http://dev.mysql.com/doc/refman/5.7/en/innodb-troubleshooting.html for how to resolve the issue.
2022-04-25T16:55:26.118272Z 0 [Warning] InnoDB: Cannot open table mysql/slave_master_info from the internal data dictionary of InnoDB though the .frm file for the table exists. Please refer to http://dev.mysql.com/doc/refman/5.7/en/innodb-troubleshooting.html for how to resolve the issue.
2022-04-25T16:55:26.119265Z 0 [Warning] Info table is not ready to be used. Table 'mysql.slave_master_info' cannot be opened.
2022-04-25T16:55:26.138908Z 0 [Warning] InnoDB: Cannot open table mysql/slave_worker_info from the internal data dictionary of InnoDB though the .frm file for the table exists. Please refer to http://dev.mysql.com/doc/refman/5.7/en/innodb-troubleshooting.html for how to resolve the issue.
2022-04-25T16:55:26.140848Z 0 [Warning] InnoDB: Cannot open table mysql/slave_relay_log_info from the internal data dictionary of InnoDB though the .frm file for the table exists. Please refer to http://dev.mysql.com/doc/refman/5.7/en/innodb-troubleshooting.html for how to resolve the issue.
2022-04-25T16:55:26.141921Z 0 [Warning] Info table is not ready to be used. Table 'mysql.slave_relay_log_info' cannot be opened.
2022-04-25T16:55:26.142593Z 0 [Note] Failed to start slave threads for channel ''
2022-04-25T16:55:26.174765Z 0 [ERROR] Incorrect definition of table performance_schema.events_waits_current: expected column 'NESTING_EVENT_TYPE' at position 15 to have type enum('TRANSACTION','STATEMENT','STAGE','WAIT', found type enum('STATEMENT','STAGE','WAIT').
2022-04-25T16:55:26.193680Z 0 [ERROR] Incorrect definition of table performance_schema.events_waits_history: expected column 'NESTING_EVENT_TYPE' at position 15 to have type enum('TRANSACTION','STATEMENT','STAGE','WAIT', found type enum('STATEMENT','STAGE','WAIT').
2022-04-25T16:55:26.209210Z 0 [ERROR] Incorrect definition of table performance_schema.events_waits_history_long: expected column 'NESTING_EVENT_TYPE' at position 15 to have type enum('TRANSACTION','STATEMENT','STAGE','WAIT', found type enum('STATEMENT','STAGE','WAIT').
2022-04-25T16:55:26.273730Z 0 [ERROR] Incorrect definition of table performance_schema.events_waits_summary_by_user_by_event_name: expected column 'USER' at position 0 to have type char(32), found type char(16).
2022-04-25T16:55:26.291676Z 0 [ERROR] Incorrect definition of table performance_schema.events_waits_summary_by_account_by_event_name: expected column 'USER' at position 0 to have type char(32), found type char(16).
2022-04-25T16:55:26.493310Z 0 [ERROR] 
2022-04-25T16:55:26.544059Z 0 [ERROR] Incorrect definition of table performance_schema.setup_objects: expected column 'OBJECT_TYPE' at position 0 to have type enum('EVENT','FUNCTION','PROCEDURE','TABLE','TRIGGER', found type enum('TABLE').
2022-04-25T16:55:26.616369Z 0 [ERROR] 
2022-04-25T16:55:26.631974Z 0 [ERROR] 
2022-04-25T16:55:26.645051Z 0 [ERROR] 
2022-04-25T16:55:26.660677Z 0 [ERROR] 
2022-04-25T16:55:26.679320Z 0 [ERROR] 
2022-04-25T16:55:26.714029Z 0 [ERROR] Incorrect definition of table performance_schema.events_stages_summary_by_account_by_event_name: expected column 'USER' at position 0 to have type char(32), found type char(16).
2022-04-25T16:55:26.733745Z 0 [ERROR] Incorrect definition of table performance_schema.events_stages_summary_by_user_by_event_name: expected column 'USER' at position 0 to have type char(32), found type char(16).
2022-04-25T16:55:26.796511Z 0 [ERROR] 
2022-04-25T16:55:26.813498Z 0 [ERROR] 
2022-04-25T16:55:26.827956Z 0 [ERROR] 
2022-04-25T16:55:26.861890Z 0 [ERROR] Incorrect definition of table performance_schema.events_statements_summary_by_account_by_event_name: expected column 'USER' at position 0 to have type char(32), found type char(16).
2022-04-25T16:55:26.876179Z 0 [ERROR] Incorrect definition of table performance_schema.events_statements_summary_by_user_by_event_name: expected column 'USER' at position 0 to have type char(32), found type char(16).
2022-04-25T16:55:26.924065Z 0 [ERROR] 
2022-04-25T16:55:26.924338Z 0 [ERROR] 
2022-04-25T16:55:26.924562Z 0 [ERROR] 
2022-04-25T16:55:26.924801Z 0 [ERROR] 
2022-04-25T16:55:26.925085Z 0 [ERROR] 
2022-04-25T16:55:26.925366Z 0 [ERROR] 
2022-04-25T16:55:26.925656Z 0 [ERROR] 
2022-04-25T16:55:26.925937Z 0 [ERROR] 
2022-04-25T16:55:26.926250Z 0 [ERROR] 
2022-04-25T16:55:26.937751Z 0 [ERROR] Incorrect definition of table performance_schema.users: expected column 'USER' at position 0 to have type char(32), found type char(16).
2022-04-25T16:55:26.949336Z 0 [ERROR] Incorrect definition of table performance_schema.accounts: expected column 'USER' at position 0 to have type char(32), found type char(16).
2022-04-25T16:55:27.051191Z 0 [ERROR] 
2022-04-25T16:55:27.051366Z 0 [ERROR] 
2022-04-25T16:55:27.051537Z 0 [ERROR] 
2022-04-25T16:55:27.051679Z 0 [ERROR] 
2022-04-25T16:55:27.051819Z 0 [ERROR] 
2022-04-25T16:55:27.051966Z 0 [ERROR] 
2022-04-25T16:55:27.052102Z 0 [ERROR] 
2022-04-25T16:55:27.052244Z 0 [ERROR] 
2022-04-25T16:55:27.052428Z 0 [ERROR] 
2022-04-25T16:55:27.052574Z 0 [ERROR] 
2022-04-25T16:55:27.053077Z 0 [ERROR] 
2022-04-25T16:55:27.053284Z 0 [ERROR] 
2022-04-25T16:55:27.053463Z 0 [ERROR] 
2022-04-25T16:55:27.053637Z 0 [ERROR] 
2022-04-25T16:55:27.053807Z 0 [ERROR] 
2022-04-25T16:55:27.053956Z 0 [ERROR] 
2022-04-25T16:55:27.054099Z 0 [ERROR] 
2022-04-25T16:55:27.054243Z 0 [ERROR] 
2022-04-25T16:55:27.054381Z 0 [ERROR] 
2022-04-25T16:55:27.054525Z 0 [ERROR] 
2022-04-25T16:55:27.054675Z 0 [ERROR] 
2022-04-25T16:55:27.054834Z 0 [ERROR] 
2022-04-25T16:55:27.054982Z 0 [ERROR] 
2022-04-25T16:55:27.055126Z 0 [ERROR] 
2022-04-25T16:55:27.055608Z 0 [ERROR] 
2022-04-25T16:55:27.055817Z 0 [ERROR] 
2022-04-25T16:55:27.056069Z 0 [ERROR] Incorrect definition of table mysql.db: expected column 'User' at position 2 to have type char(32), found type char(16).
2022-04-25T16:55:27.056527Z 0 [ERROR] mysql.user has no `Event_priv` column at position 28
2022-04-25T16:55:27.069863Z 0 [ERROR] Event Scheduler: An error occurred when initializing system tables. Disabling the Event Scheduler.
2022-04-25T16:55:27.070418Z 0 [Note] 
2022-04-25T17:06:47.657016Z 0 [Warning] TIMESTAMP with implicit DEFAULT value is deprecated. Please use --explicit_defaults_for_timestamp server option (see documentation for more details).
2022-04-25T17:06:47.657074Z 0 [Note] --secure-file-priv is set to NULL. Operations related to importing and exporting data are disabled
2022-04-25T17:06:47.657907Z 0 [ERROR] Cannot open Windows EventLog; check privileges, or start server with --log_syslog=0
2022-04-25T17:06:47.657942Z 0 [Note] D:\Development\VideoGameStore\usbwebserver/mysql/bin/mysqld_usbwv8.exe (mysqld 5.7.36) starting as process 14108 ...
2022-04-25T17:06:47.658487Z 0 [ERROR] Error message file 'D:\Development\VideoGameStore\usbwebserver\mysql\share\english\errmsg.sys' had only 886 error messages,
                    but it should contain at least 1123 error messages.
                    Check that the above file is the right version for                     this program!
2022-04-25T17:06:47.674233Z 0 [Note] InnoDB: Mutexes and rw_locks use Windows interlocked functions
2022-04-25T17:06:47.674583Z 0 [Note] InnoDB: Uses event mutexes
2022-04-25T17:06:47.674797Z 0 [Note] InnoDB: Memory barrier is not used
2022-04-25T17:06:47.675041Z 0 [Note] InnoDB: Compressed tables use zlib 1.2.11
2022-04-25T17:06:47.675537Z 0 [Note] InnoDB: Number of pools: 1
2022-04-25T17:06:47.675825Z 0 [Note] InnoDB: Not using CPU crc32 instructions
2022-04-25T17:06:47.677862Z 0 [Note] InnoDB: Initializing buffer pool, total size = 128M, instances = 1, chunk size = 128M
2022-04-25T17:06:47.685365Z 0 [Note] InnoDB: Completed initialization of buffer pool
2022-04-25T17:06:47.830732Z 0 [Note] InnoDB: Highest supported file format is Barracuda.
2022-04-25T17:06:47.866661Z 0 [Note] InnoDB: Log scan progressed past the checkpoint lsn 1209987
2022-04-25T17:06:47.867039Z 0 [Note] InnoDB: Doing recovery: scanned up to log sequence number 1209996
2022-04-25T17:06:47.867575Z 0 [Note] InnoDB: Database was not shutdown normally!
2022-04-25T17:06:47.867959Z 0 [Note] InnoDB: Starting crash recovery.
2022-04-25T17:06:48.183874Z 0 [Note] InnoDB: Removed temporary tablespace data file: "ibtmp1"
2022-04-25T17:06:48.184291Z 0 [Note] InnoDB: Creating shared tablespace for temporary tables
2022-04-25T17:06:48.184750Z 0 [Note] InnoDB: Setting file 'D:\Development\VideoGameStore\usbwebserver\mysql\data\ibtmp1' size to 12 MB. Physically writing the file full; Please wait ...
2022-04-25T17:06:48.350211Z 0 [Note] InnoDB: File 'D:\Development\VideoGameStore\usbwebserver\mysql\data\ibtmp1' size is now 12 MB.
2022-04-25T17:06:48.380889Z 0 [Note] InnoDB: 96 redo rollback segment(s) found. 96 redo rollback segment(s) are active.
2022-04-25T17:06:48.381320Z 0 [Note] InnoDB: 32 non-redo rollback segment(s) are active.
2022-04-25T17:06:48.383023Z 0 [Note] InnoDB: Waiting for purge to start
2022-04-25T17:06:48.446106Z 0 [Note] InnoDB: 5.7.36 started; log sequence number 1209996
2022-04-25T17:06:48.446957Z 0 [Note] InnoDB: Loading buffer pool(s) from D:\Development\VideoGameStore\usbwebserver\mysql\data\ib_buffer_pool
2022-04-25T17:06:48.446969Z 0 [Note] Plugin 'FEDERATED' is disabled.
2022-04-25T17:06:48.449634Z 0 [Note] InnoDB: Buffer pool(s) load completed at 220425 13:06:48
2022-04-25T17:06:48.449734Z 0 [Warning] System table 'plugin' is expected to be transactional.
2022-04-25T17:06:48.450843Z 0 [Warning] Gtid table is not ready to be used. Table 'mysql.gtid_executed' cannot be opened.
2022-04-25T17:06:48.452084Z 0 [Note] Found ca.pem, server-cert.pem and server-key.pem in data directory. Trying to enable SSL support using them.
2022-04-25T17:06:48.452486Z 0 [Note] Skipping generation of SSL certificates as certificate files are present in data directory.
2022-04-25T17:06:48.452838Z 0 [Warning] 
2022-04-25T17:06:48.453529Z 0 [Warning] 
2022-04-25T17:06:48.454743Z 0 [Warning] CA certificate ca.pem is self signed.
2022-04-25T17:06:48.455138Z 0 [Note] Skipping generation of RSA key pair as key files are present in data directory.
2022-04-25T17:06:48.455731Z 0 [Note] Server hostname (bind-address): '*'; port: 3306
2022-04-25T17:06:48.456153Z 0 [Note] IPv6 is available.
2022-04-25T17:06:48.456319Z 0 [Note]   - '::' resolves to '::';
2022-04-25T17:06:48.456529Z 0 [Note] Server socket created on IP: '::'.
2022-04-25T17:06:48.457131Z 0 [Warning] Failed to open optimizer cost constant tables

2022-04-25T17:06:48.472094Z 0 [Warning] System table 'time_zone_leap_second' is expected to be transactional.
2022-04-25T17:06:48.472417Z 0 [Warning] System table 'time_zone_name' is expected to be transactional.
2022-04-25T17:06:48.472742Z 0 [Warning] System table 'time_zone' is expected to be transactional.
2022-04-25T17:06:48.473071Z 0 [Warning] System table 'time_zone_transition_type' is expected to be transactional.
2022-04-25T17:06:48.473449Z 0 [Warning] System table 'time_zone_transition' is expected to be transactional.
2022-04-25T17:06:48.474700Z 0 [Warning] System table 'servers' is expected to be transactional.
2022-04-25T17:06:48.475419Z 0 [Warning] InnoDB: Cannot open table mysql/slave_master_info from the internal data dictionary of InnoDB though the .frm file for the table exists. Please refer to http://dev.mysql.com/doc/refman/5.7/en/innodb-troubleshooting.html for how to resolve the issue.
2022-04-25T17:06:48.476456Z 0 [Warning] InnoDB: Cannot open table mysql/slave_relay_log_info from the internal data dictionary of InnoDB though the .frm file for the table exists. Please refer to http://dev.mysql.com/doc/refman/5.7/en/innodb-troubleshooting.html for how to resolve the issue.
2022-04-25T17:06:48.478713Z 0 [Warning] InnoDB: Cannot open table mysql/slave_master_info from the internal data dictionary of InnoDB though the .frm file for the table exists. Please refer to http://dev.mysql.com/doc/refman/5.7/en/innodb-troubleshooting.html for how to resolve the issue.
2022-04-25T17:06:48.480058Z 0 [Warning] Info table is not ready to be used. Table 'mysql.slave_master_info' cannot be opened.
2022-04-25T17:06:48.480624Z 0 [Warning] InnoDB: Cannot open table mysql/slave_worker_info from the internal data dictionary of InnoDB though the .frm file for the table exists. Please refer to http://dev.mysql.com/doc/refman/5.7/en/innodb-troubleshooting.html for how to resolve the issue.
2022-04-25T17:06:48.482359Z 0 [Warning] InnoDB: Cannot open table mysql/slave_relay_log_info from the internal data dictionary of InnoDB though the .frm file for the table exists. Please refer to http://dev.mysql.com/doc/refman/5.7/en/innodb-troubleshooting.html for how to resolve the issue.
2022-04-25T17:06:48.483287Z 0 [Warning] Info table is not ready to be used. Table 'mysql.slave_relay_log_info' cannot be opened.
2022-04-25T17:06:48.484064Z 0 [Note] Failed to start slave threads for channel ''
2022-04-25T17:06:48.484581Z 0 [ERROR] Incorrect definition of table performance_schema.events_waits_current: expected column 'NESTING_EVENT_TYPE' at position 15 to have type enum('TRANSACTION','STATEMENT','STAGE','WAIT', found type enum('STATEMENT','STAGE','WAIT').
2022-04-25T17:06:48.485420Z 0 [ERROR] Incorrect definition of table performance_schema.events_waits_history: expected column 'NESTING_EVENT_TYPE' at position 15 to have type enum('TRANSACTION','STATEMENT','STAGE','WAIT', found type enum('STATEMENT','STAGE','WAIT').
2022-04-25T17:06:48.486257Z 0 [ERROR] Incorrect definition of table performance_schema.events_waits_history_long: expected column 'NESTING_EVENT_TYPE' at position 15 to have type enum('TRANSACTION','STATEMENT','STAGE','WAIT', found type enum('STATEMENT','STAGE','WAIT').
2022-04-25T17:06:48.487471Z 0 [ERROR] Incorrect definition of table performance_schema.events_waits_summary_by_user_by_event_name: expected column 'USER' at position 0 to have type char(32), found type char(16).
2022-04-25T17:06:48.488083Z 0 [ERROR] Incorrect definition of table performance_schema.events_waits_summary_by_account_by_event_name: expected column 'USER' at position 0 to have type char(32), found type char(16).
2022-04-25T17:06:48.490172Z 0 [ERROR] 
2022-04-25T17:06:48.490547Z 0 [ERROR] Incorrect definition of table performance_schema.setup_objects: expected column 'OBJECT_TYPE' at position 0 to have type enum('EVENT','FUNCTION','PROCEDURE','TABLE','TRIGGER', found type enum('TABLE').
2022-04-25T17:06:48.491913Z 0 [ERROR] 
2022-04-25T17:06:48.492138Z 0 [ERROR] 
2022-04-25T17:06:48.492386Z 0 [ERROR] 
2022-04-25T17:06:48.492859Z 0 [ERROR] 
2022-04-25T17:06:48.493099Z 0 [ERROR] 
2022-04-25T17:06:48.493446Z 0 [ERROR] Incorrect definition of table performance_schema.events_stages_summary_by_account_by_event_name: expected column 'USER' at position 0 to have type char(32), found type char(16).
2022-04-25T17:06:48.494329Z 0 [ERROR] Incorrect definition of table performance_schema.events_stages_summary_by_user_by_event_name: expected column 'USER' at position 0 to have type char(32), found type char(16).
2022-04-25T17:06:48.495569Z 0 [ERROR] 
2022-04-25T17:06:48.495958Z 0 [ERROR] 
2022-04-25T17:06:48.496354Z 0 [ERROR] 
2022-04-25T17:06:48.496941Z 0 [ERROR] Incorrect definition of table performance_schema.events_statements_summary_by_account_by_event_name: expected column 'USER' at position 0 to have type char(32), found type char(16).
2022-04-25T17:06:48.497894Z 0 [ERROR] Incorrect definition of table performance_schema.events_statements_summary_by_user_by_event_name: expected column 'USER' at position 0 to have type char(32), found type char(16).
2022-04-25T17:06:48.499319Z 0 [ERROR] 
2022-04-25T17:06:48.499564Z 0 [ERROR] 
2022-04-25T17:06:48.499784Z 0 [ERROR] 
2022-04-25T17:06:48.499979Z 0 [ERROR] 
2022-04-25T17:06:48.500171Z 0 [ERROR] 
2022-04-25T17:06:48.500350Z 0 [ERROR] 
2022-04-25T17:06:48.500525Z 0 [ERROR] 
2022-04-25T17:06:48.500703Z 0 [ERROR] 
2022-04-25T17:06:48.500875Z 0 [ERROR] 
2022-04-25T17:06:48.501089Z 0 [ERROR] Incorrect definition of table performance_schema.users: expected column 'USER' at position 0 to have type char(32), found type char(16).
2022-04-25T17:06:48.501767Z 0 [ERROR] Incorrect definition of table performance_schema.accounts: expected column 'USER' at position 0 to have type char(32), found type char(16).
2022-04-25T17:06:48.502943Z 0 [ERROR] 
2022-04-25T17:06:48.503125Z 0 [ERROR] 
2022-04-25T17:06:48.503296Z 0 [ERROR] 
2022-04-25T17:06:48.503479Z 0 [ERROR] 
2022-04-25T17:06:48.503656Z 0 [ERROR] 
2022-04-25T17:06:48.503861Z 0 [ERROR] 
2022-04-25T17:06:48.504037Z 0 [ERROR] 
2022-04-25T17:06:48.504215Z 0 [ERROR] 
2022-04-25T17:06:48.504385Z 0 [ERROR] 
2022-04-25T17:06:48.504558Z 0 [ERROR] 
2022-04-25T17:06:48.504728Z 0 [ERROR] 
2022-04-25T17:06:48.504898Z 0 [ERROR] 
2022-04-25T17:06:48.505068Z 0 [ERROR] 
2022-04-25T17:06:48.505240Z 0 [ERROR] 
2022-04-25T17:06:48.505531Z 0 [ERROR] 
2022-04-25T17:06:48.505724Z 0 [ERROR] 
2022-04-25T17:06:48.505898Z 0 [ERROR] 
2022-04-25T17:06:48.506108Z 0 [ERROR] 
2022-04-25T17:06:48.506300Z 0 [ERROR] 
2022-04-25T17:06:48.506493Z 0 [ERROR] 
2022-04-25T17:06:48.506675Z 0 [ERROR] 
2022-04-25T17:06:48.506850Z 0 [ERROR] 
2022-04-25T17:06:48.507021Z 0 [ERROR] 
2022-04-25T17:06:48.507190Z 0 [ERROR] 
2022-04-25T17:06:48.507358Z 0 [ERROR] 
2022-04-25T17:06:48.507526Z 0 [ERROR] 
2022-04-25T17:06:48.507810Z 0 [ERROR] Incorrect definition of table mysql.db: expected column 'User' at position 2 to have type char(32), found type char(16).
2022-04-25T17:06:48.508462Z 0 [ERROR] mysql.user has no `Event_priv` column at position 28
2022-04-25T17:06:48.509231Z 0 [ERROR] Event Scheduler: An error occurred when initializing system tables. Disabling the Event Scheduler.
2022-04-25T17:06:48.509774Z 0 [Note] 
2022-04-25T17:12:01.578348Z 64 [ERROR] InnoDB: Table `mysql`.`innodb_table_stats` not found.
2022-04-25T17:12:01.839471Z 64 [ERROR] InnoDB: Table `mysql`.`innodb_table_stats` not found.
2022-04-25T17:12:02.040493Z 64 [ERROR] InnoDB: Table `mysql`.`innodb_table_stats` not found.
2022-04-25T17:12:02.255110Z 64 [ERROR] InnoDB: Table `mysql`.`innodb_table_stats` not found.
2022-04-25T17:15:33.562992Z 80 [ERROR] InnoDB: Table `mysql`.`innodb_table_stats` not found.
2022-04-25T17:15:33.563933Z 80 [ERROR] InnoDB: Fetch of persistent statistics requested for table `korby_store`.`customer` but the required system tables mysql.innodb_table_stats and mysql.innodb_index_stats are not present or have unexpected structure. Using transient stats instead.
2022-04-25T17:15:33.572745Z 80 [ERROR] InnoDB: Table `mysql`.`innodb_table_stats` not found.
2022-04-25T17:15:33.573627Z 80 [ERROR] InnoDB: Fetch of persistent statistics requested for table `korby_store`.`employee` but the required system tables mysql.innodb_table_stats and mysql.innodb_index_stats are not present or have unexpected structure. Using transient stats instead.
2022-04-25T17:15:33.577681Z 80 [ERROR] InnoDB: Table `mysql`.`innodb_table_stats` not found.
2022-04-25T17:15:33.578551Z 80 [ERROR] InnoDB: Fetch of persistent statistics requested for table `korby_store`.`game` but the required system tables mysql.innodb_table_stats and mysql.innodb_index_stats are not present or have unexpected structure. Using transient stats instead.
2022-04-25T17:15:33.582659Z 80 [ERROR] InnoDB: Table `mysql`.`innodb_table_stats` not found.
2022-04-25T17:15:33.583609Z 80 [ERROR] InnoDB: Fetch of persistent statistics requested for table `korby_store`.`publisher` but the required system tables mysql.innodb_table_stats and mysql.innodb_index_stats are not present or have unexpected structure. Using transient stats instead.
2022-04-25T17:15:38.359175Z 84 [ERROR] InnoDB: Table `mysql`.`innodb_table_stats` not found.
2022-04-25T17:15:46.173672Z 90 [ERROR] InnoDB: Table `mysql`.`innodb_table_stats` not found.
2022-04-25T17:15:48.687466Z 96 [ERROR] InnoDB: Table `mysql`.`innodb_table_stats` not found.
2022-04-25T17:15:51.028726Z 102 [ERROR] InnoDB: Table `mysql`.`innodb_table_stats` not found.
2022-04-25T17:16:11.764660Z 112 [ERROR] InnoDB: Table `mysql`.`innodb_table_stats` not found.
2022-04-25T17:16:20.740171Z 118 [ERROR] InnoDB: Table `mysql`.`innodb_table_stats` not found.
2022-04-25T17:16:20.741084Z 118 [ERROR] InnoDB: Fetch of persistent statistics requested for table `korby_store`.`publisher` but the required system tables mysql.innodb_table_stats and mysql.innodb_index_stats are not present or have unexpected structure. Using transient stats instead.
2022-04-25T17:16:29.651289Z 124 [ERROR] InnoDB: Table `mysql`.`innodb_table_stats` not found.
2022-04-25T17:16:41.365940Z 128 [ERROR] InnoDB: Table `mysql`.`innodb_table_stats` not found.
2022-04-25T17:16:41.366596Z 128 [ERROR] InnoDB: Fetch of persistent statistics requested for table `korby_store`.`game` but the required system tables mysql.innodb_table_stats and mysql.innodb_index_stats are not present or have unexpected structure. Using transient stats instead.
2022-04-25T17:16:43.439108Z 132 [ERROR] InnoDB: Table `mysql`.`innodb_table_stats` not found.
2022-04-25T17:16:58.150768Z 138 [ERROR] InnoDB: Table `mysql`.`innodb_table_stats` not found.
2022-04-25T17:16:58.151683Z 138 [ERROR] InnoDB: Fetch of persistent statistics requested for table `korby_store`.`employee` but the required system tables mysql.innodb_table_stats and mysql.innodb_index_stats are not present or have unexpected structure. Using transient stats instead.
2022-04-25T17:17:07.773884Z 148 [ERROR] InnoDB: Table `mysql`.`innodb_table_stats` not found.
2022-04-25T17:17:15.104638Z 154 [ERROR] InnoDB: Table `mysql`.`innodb_table_stats` not found.
2022-04-25T17:17:15.105539Z 154 [ERROR] InnoDB: Fetch of persistent statistics requested for table `korby_store`.`customer` but the required system tables mysql.innodb_table_stats and mysql.innodb_index_stats are not present or have unexpected structure. Using transient stats instead.
2022-04-25T17:17:38.056311Z 160 [ERROR] InnoDB: Table `mysql`.`innodb_table_stats` not found.
2022-04-25T17:17:40.383669Z 164 [ERROR] InnoDB: Table `mysql`.`innodb_table_stats` not found.
2022-04-25T17:17:40.384567Z 164 [ERROR] InnoDB: Fetch of persistent statistics requested for table `korby_store`.`purchase` but the required system tables mysql.innodb_table_stats and mysql.innodb_index_stats are not present or have unexpected structure. Using transient stats instead.
2022-04-25T17:22:15.984571Z 184 [Note] 
2022-04-25T17:25:52.287601Z 189 [Note] 
2022-04-25T18:38:25.117964Z 0 [Note] InnoDB: page_cleaner: 1000ms intended loop took 3017778ms. The settings might not be optimal. (flushed=0 and evicted=0, during the time.)
2022-04-25T19:48:41.561707Z 0 [Note] InnoDB: page_cleaner: 1000ms intended loop took 1329217ms. The settings might not be optimal. (flushed=0 and evicted=0, during the time.)
2022-04-25T20:40:01.925890Z 0 [ERROR] InnoDB: Table `mysql`.`innodb_table_stats` not found.
2022-04-25T20:40:01.926381Z 0 [Warning] InnoDB: Recalculation of persistent statistics requested for table `korby_store`.`publisher` but the required persistent statistics storage is not present or is corrupted. Using transient stats instead.
